mode: atomic
HealthHub360/main.go:23.13,25.2 1 1
HealthHub360/main.go:27.12,39.23 3 2
HealthHub360/main.go:39.23,40.14 1 1
HealthHub360/main.go:40.14,42.5 1 1
HealthHub360/main.go:43.4,44.30 2 0
HealthHub360/main.go:47.44,48.14 1 1
HealthHub360/main.go:48.14,50.5 1 1
HealthHub360/main.go:51.4,52.20 2 0
HealthHub360/main.go:56.28,57.14 1 1
HealthHub360/main.go:57.14,59.5 1 1
HealthHub360/main.go:60.4,63.51 4 0
HealthHub360/main.go:67.2,68.22 2 2
HealthHub360/controllers/appointment.go:12.33,14.2 2 0
HealthHub360/controllers/appointment.go:14.2,20.3 5 0
HealthHub360/controllers/appointment.go:27.40,31.42 4 0
HealthHub360/controllers/appointment.go:31.42,34.3 2 0
HealthHub360/controllers/appointment.go:35.2,36.16 2 0
HealthHub360/controllers/appointment.go:36.16,39.3 2 0
HealthHub360/controllers/appointment.go:40.2,40.45 1 0
HealthHub360/controllers/appointment.go:48.40,51.42 3 0
HealthHub360/controllers/appointment.go:51.42,54.3 2 0
HealthHub360/controllers/appointment.go:55.2,56.16 2 0
HealthHub360/controllers/appointment.go:56.16,59.3 2 0
HealthHub360/controllers/appointment.go:60.2,60.44 1 0
HealthHub360/controllers/appointment.go:67.45,70.16 3 0
HealthHub360/controllers/appointment.go:70.16,73.3 2 0
HealthHub360/controllers/appointment.go:74.2,74.48 1 0
HealthHub360/controllers/appointment.go:80.43,82.16 2 0
HealthHub360/controllers/appointment.go:82.16,85.3 2 0
HealthHub360/controllers/appointment.go:86.2,86.49 1 0
HealthHub360/controllers/appointment.go:93.46,96.16 3 0
HealthHub360/controllers/appointment.go:96.16,99.3 2 0
HealthHub360/controllers/appointment.go:100.2,100.41 1 0
HealthHub360/controllers/auth.go:14.31,19.2 3 0
HealthHub360/controllers/auth.go:25.28,27.42 2 0
HealthHub360/controllers/auth.go:27.42,30.3 2 0
HealthHub360/controllers/auth.go:31.2,32.16 2 0
HealthHub360/controllers/auth.go:32.16,35.3 2 0
HealthHub360/controllers/auth.go:36.2,36.50 1 0
HealthHub360/controllers/auth.go:43.36,46.42 2 0
HealthHub360/controllers/auth.go:46.42,49.3 2 0
HealthHub360/controllers/auth.go:51.2,52.16 2 0
HealthHub360/controllers/auth.go:52.16,56.3 3 0
HealthHub360/controllers/auth.go:58.2,58.50 1 0
HealthHub360/controllers/auth.go:65.37,69.41 2 0
HealthHub360/controllers/auth.go:69.41,72.3 2 0
HealthHub360/controllers/auth.go:74.2,75.16 2 0
HealthHub360/controllers/auth.go:75.16,78.3 2 0
HealthHub360/controllers/auth.go:80.2,80.50 1 0
HealthHub360/controllers/bill.go:13.31,19.2 5 0
HealthHub360/controllers/bill.go:20.33,23.16 3 0
HealthHub360/controllers/bill.go:23.16,26.3 2 0
HealthHub360/controllers/bill.go:27.2,27.40 1 0
HealthHub360/controllers/bill.go:29.38,32.16 3 0
HealthHub360/controllers/bill.go:32.16,35.3 2 0
HealthHub360/controllers/bill.go:36.2,36.43 1 0
HealthHub360/controllers/bill.go:43.44,46.16 3 0
HealthHub360/controllers/bill.go:46.16,49.3 2 0
HealthHub360/controllers/bill.go:50.2,51.45 2 0
HealthHub360/controllers/bill.go:54.39,57.16 3 0
HealthHub360/controllers/bill.go:57.16,60.3 2 0
HealthHub360/controllers/bill.go:61.2,61.41 1 0
HealthHub360/controllers/consent.go:12.34,18.2 5 0
HealthHub360/controllers/consent.go:20.36,22.17 2 0
HealthHub360/controllers/consent.go:22.17,23.43 1 0
HealthHub360/controllers/consent.go:23.43,26.4 2 0
HealthHub360/controllers/consent.go:28.2,30.16 3 0
HealthHub360/controllers/consent.go:30.16,33.3 2 0
HealthHub360/controllers/consent.go:34.2,34.45 1 0
HealthHub360/controllers/consent.go:38.41,41.16 3 0
HealthHub360/controllers/consent.go:41.16,44.3 2 0
HealthHub360/controllers/consent.go:45.2,45.45 1 0
HealthHub360/controllers/consent.go:48.39,50.16 2 0
HealthHub360/controllers/consent.go:50.16,53.3 2 0
HealthHub360/controllers/consent.go:54.2,54.56 1 0
HealthHub360/controllers/consent.go:56.36,59.16 3 0
HealthHub360/controllers/consent.go:59.16,63.3 2 0
HealthHub360/controllers/consent.go:64.2,64.40 1 0
HealthHub360/controllers/doctor.go:12.33,19.2 6 0
HealthHub360/controllers/doctor.go:25.35,27.42 2 0
HealthHub360/controllers/doctor.go:27.42,30.3 2 0
HealthHub360/controllers/doctor.go:31.2,32.16 2 0
HealthHub360/controllers/doctor.go:32.16,35.3 2 0
HealthHub360/controllers/doctor.go:36.2,36.45 1 0
HealthHub360/controllers/doctor.go:44.35,47.42 3 0
HealthHub360/controllers/doctor.go:47.42,50.3 2 0
HealthHub360/controllers/doctor.go:51.2,52.16 2 0
HealthHub360/controllers/doctor.go:52.16,55.3 2 0
HealthHub360/controllers/doctor.go:56.2,56.40 1 0
HealthHub360/controllers/doctor.go:63.40,66.16 3 0
HealthHub360/controllers/doctor.go:66.16,69.3 2 0
HealthHub360/controllers/doctor.go:70.2,70.41 1 0
HealthHub360/controllers/doctor.go:77.38,79.16 2 0
HealthHub360/controllers/doctor.go:79.16,82.3 2 0
HealthHub360/controllers/doctor.go:83.2,83.43 1 0
HealthHub360/controllers/doctor.go:90.35,93.16 3 0
HealthHub360/controllers/doctor.go:93.16,96.3 2 0
HealthHub360/controllers/doctor.go:97.2,97.41 1 0
HealthHub360/controllers/generate.go:9.33,12.2 2 0
HealthHub360/controllers/generate.go:13.37,17.16 3 0
HealthHub360/controllers/generate.go:17.16,20.3 2 0
HealthHub360/controllers/generate.go:21.2,24.4 1 0
HealthHub360/controllers/guardian.go:14.35,16.2 2 0
HealthHub360/controllers/guardian.go:16.2,21.3 4 0
HealthHub360/controllers/guardian.go:24.43,27.42 3 0
HealthHub360/controllers/guardian.go:27.42,30.3 2 0
HealthHub360/controllers/guardian.go:31.2,32.16 2 0
HealthHub360/controllers/guardian.go:32.16,35.3 2 0
HealthHub360/controllers/guardian.go:36.2,36.50 1 0
HealthHub360/controllers/guardian.go:38.42,41.16 3 0
HealthHub360/controllers/guardian.go:41.16,44.3 2 0
HealthHub360/controllers/guardian.go:45.2,45.55 1 0
HealthHub360/controllers/guardian.go:48.40,50.16 2 0
HealthHub360/controllers/guardian.go:50.16,53.3 2 0
HealthHub360/controllers/guardian.go:54.2,54.56 1 0
HealthHub360/controllers/guardian.go:57.37,60.16 3 0
HealthHub360/controllers/guardian.go:60.16,63.3 2 0
HealthHub360/controllers/guardian.go:64.2,64.50 1 0
HealthHub360/controllers/hospital.go:12.35,14.2 2 0
HealthHub360/controllers/hospital.go:14.2,20.3 5 0
HealthHub360/controllers/hospital.go:22.37,24.42 2 0
HealthHub360/controllers/hospital.go:24.42,27.3 2 0
HealthHub360/controllers/hospital.go:28.2,28.57 1 0
HealthHub360/controllers/hospital.go:28.57,31.3 2 0
HealthHub360/controllers/hospital.go:32.2,32.59 1 0
HealthHub360/controllers/hospital.go:34.37,37.42 3 0
HealthHub360/controllers/hospital.go:37.42,40.3 2 0
HealthHub360/controllers/hospital.go:41.2,41.69 1 0
HealthHub360/controllers/hospital.go:41.69,44.3 2 0
HealthHub360/controllers/hospital.go:45.2,45.59 1 0
HealthHub360/controllers/hospital.go:47.42,50.16 3 0
HealthHub360/controllers/hospital.go:50.16,53.3 2 0
HealthHub360/controllers/hospital.go:54.2,54.40 1 0
HealthHub360/controllers/hospital.go:56.39,58.16 2 0
HealthHub360/controllers/hospital.go:58.16,61.3 2 0
HealthHub360/controllers/hospital.go:62.2,62.40 1 0
HealthHub360/controllers/hospital.go:64.43,67.16 3 0
HealthHub360/controllers/hospital.go:67.16,70.3 2 0
HealthHub360/controllers/hospital.go:71.2,71.40 1 0
HealthHub360/controllers/medicalRecord.go:12.35,14.2 2 0
HealthHub360/controllers/medicalRecord.go:14.2,19.3 4 0
HealthHub360/controllers/medicalRecord.go:22.47,25.16 3 0
HealthHub360/controllers/medicalRecord.go:25.16,28.3 2 0
HealthHub360/controllers/medicalRecord.go:29.2,29.50 1 0
HealthHub360/controllers/medicalRecord.go:31.45,33.16 2 0
HealthHub360/controllers/medicalRecord.go:33.16,36.3 2 0
HealthHub360/controllers/medicalRecord.go:37.2,37.50 1 0
HealthHub360/controllers/medicalRecord.go:40.42,44.16 4 0
HealthHub360/controllers/medicalRecord.go:44.16,47.3 2 0
HealthHub360/controllers/medicalRecord.go:48.2,49.16 2 0
HealthHub360/controllers/medicalRecord.go:49.16,52.3 2 0
HealthHub360/controllers/medicalRecord.go:53.2,53.40 1 0
HealthHub360/controllers/medicalRecord.go:56.48,59.16 3 0
HealthHub360/controllers/medicalRecord.go:59.16,62.3 2 0
HealthHub360/controllers/medicalRecord.go:63.2,63.41 1 0
HealthHub360/controllers/medicines.go:14.36,16.2 2 0
HealthHub360/controllers/medicines.go:16.2,22.3 5 0
HealthHub360/controllers/medicines.go:24.38,26.42 2 0
HealthHub360/controllers/medicines.go:26.42,29.3 2 0
HealthHub360/controllers/medicines.go:30.2,31.16 2 0
HealthHub360/controllers/medicines.go:31.16,34.3 2 0
HealthHub360/controllers/medicines.go:35.2,35.50 1 0
HealthHub360/controllers/medicines.go:38.42,41.16 3 0
HealthHub360/controllers/medicines.go:41.16,44.3 2 0
HealthHub360/controllers/medicines.go:45.2,45.55 1 0
HealthHub360/controllers/medicines.go:48.40,50.16 2 0
HealthHub360/controllers/medicines.go:50.16,53.3 2 0
HealthHub360/controllers/medicines.go:54.2,54.56 1 0
HealthHub360/controllers/medicines.go:56.38,59.42 3 0
HealthHub360/controllers/medicines.go:59.42,61.3 1 0
HealthHub360/controllers/medicines.go:62.2,63.16 2 0
HealthHub360/controllers/medicines.go:63.16,67.3 2 0
HealthHub360/controllers/medicines.go:68.2,68.50 1 0
HealthHub360/controllers/medicines.go:71.37,74.16 3 0
HealthHub360/controllers/medicines.go:74.16,78.3 2 0
HealthHub360/controllers/medicines.go:79.2,79.50 1 0
HealthHub360/controllers/nurse.go:12.32,14.2 2 0
HealthHub360/controllers/nurse.go:14.2,20.3 5 0
HealthHub360/controllers/nurse.go:27.34,29.42 2 0
HealthHub360/controllers/nurse.go:29.42,32.3 2 0
HealthHub360/controllers/nurse.go:33.2,34.16 2 0
HealthHub360/controllers/nurse.go:34.16,37.3 2 0
HealthHub360/controllers/nurse.go:38.2,38.45 1 0
HealthHub360/controllers/nurse.go:46.34,49.42 3 0
HealthHub360/controllers/nurse.go:49.42,52.3 2 0
HealthHub360/controllers/nurse.go:53.2,54.16 2 0
HealthHub360/controllers/nurse.go:54.16,57.3 2 0
HealthHub360/controllers/nurse.go:58.2,58.40 1 0
HealthHub360/controllers/nurse.go:65.39,68.16 3 0
HealthHub360/controllers/nurse.go:68.16,71.3 2 0
HealthHub360/controllers/nurse.go:72.2,72.41 1 0
HealthHub360/controllers/nurse.go:78.37,80.16 2 0
HealthHub360/controllers/nurse.go:80.16,83.3 2 0
HealthHub360/controllers/nurse.go:84.2,84.40 1 0
HealthHub360/controllers/nurse.go:90.40,93.16 3 0
HealthHub360/controllers/nurse.go:93.16,96.3 2 0
HealthHub360/controllers/nurse.go:97.2,97.40 1 0
HealthHub360/controllers/patient.go:14.34,16.2 2 0
HealthHub360/controllers/patient.go:16.2,22.3 5 0
HealthHub360/controllers/patient.go:25.36,28.16 3 0
HealthHub360/controllers/patient.go:28.16,31.3 2 0
HealthHub360/controllers/patient.go:32.2,33.16 2 0
HealthHub360/controllers/patient.go:33.16,36.3 2 0
HealthHub360/controllers/patient.go:37.2,37.40 1 0
HealthHub360/controllers/patient.go:40.41,43.16 3 0
HealthHub360/controllers/patient.go:43.16,46.3 2 0
HealthHub360/controllers/patient.go:47.2,47.54 1 0
HealthHub360/controllers/patient.go:50.42,53.42 3 0
HealthHub360/controllers/patient.go:53.42,56.3 2 0
HealthHub360/controllers/patient.go:57.2,58.16 2 0
HealthHub360/controllers/patient.go:58.16,61.3 2 0
HealthHub360/controllers/patient.go:62.2,62.50 1 0
HealthHub360/controllers/patient.go:65.39,67.16 2 0
HealthHub360/controllers/patient.go:67.16,70.3 2 0
HealthHub360/controllers/patient.go:71.2,71.55 1 0
HealthHub360/controllers/patient.go:74.36,77.16 3 0
HealthHub360/controllers/patient.go:77.16,80.3 2 0
HealthHub360/controllers/patient.go:81.2,81.50 1 0
HealthHub360/controllers/pharmacist.go:14.37,16.2 2 0
HealthHub360/controllers/pharmacist.go:16.2,22.3 5 0
HealthHub360/controllers/pharmacist.go:25.41,28.16 3 0
HealthHub360/controllers/pharmacist.go:28.16,31.3 2 0
HealthHub360/controllers/pharmacist.go:32.2,33.16 2 0
HealthHub360/controllers/pharmacist.go:33.16,36.3 2 0
HealthHub360/controllers/pharmacist.go:37.2,37.61 1 0
HealthHub360/controllers/pharmacist.go:40.44,43.16 3 0
HealthHub360/controllers/pharmacist.go:43.16,46.3 2 0
HealthHub360/controllers/pharmacist.go:47.2,47.41 1 0
HealthHub360/controllers/pharmacist.go:50.41,52.16 2 0
HealthHub360/controllers/pharmacist.go:52.16,55.3 2 0
HealthHub360/controllers/pharmacist.go:56.2,56.40 1 0
HealthHub360/controllers/pharmacist.go:59.39,62.16 3 0
HealthHub360/controllers/pharmacist.go:62.16,65.3 2 0
HealthHub360/controllers/pharmacist.go:66.2,68.16 3 0
HealthHub360/controllers/pharmacist.go:68.16,71.3 2 0
HealthHub360/controllers/pharmacist.go:72.2,72.40 1 0
HealthHub360/controllers/pharmacist.go:75.45,78.16 3 0
HealthHub360/controllers/pharmacist.go:78.16,81.3 2 0
HealthHub360/controllers/pharmacist.go:82.2,82.40 1 0
HealthHub360/controllers/prescription.go:14.39,16.2 2 0
HealthHub360/controllers/prescription.go:16.2,22.3 5 0
HealthHub360/controllers/prescription.go:24.41,27.42 3 0
HealthHub360/controllers/prescription.go:27.42,30.3 2 0
HealthHub360/controllers/prescription.go:31.2,32.16 2 0
HealthHub360/controllers/prescription.go:32.16,35.3 2 0
HealthHub360/controllers/prescription.go:36.2,36.50 1 0
HealthHub360/controllers/prescription.go:39.46,42.16 3 0
HealthHub360/controllers/prescription.go:42.16,45.3 2 0
HealthHub360/controllers/prescription.go:46.2,46.59 1 0
HealthHub360/controllers/prescription.go:49.44,51.16 2 0
HealthHub360/controllers/prescription.go:51.16,54.3 2 0
HealthHub360/controllers/prescription.go:55.2,55.60 1 0
HealthHub360/controllers/prescription.go:58.41,62.42 4 0
HealthHub360/controllers/prescription.go:62.42,65.3 2 0
HealthHub360/controllers/prescription.go:66.2,67.16 2 0
HealthHub360/controllers/prescription.go:67.16,70.3 2 0
HealthHub360/controllers/prescription.go:71.2,71.50 1 0
HealthHub360/controllers/prescription.go:74.47,77.16 3 0
HealthHub360/controllers/prescription.go:77.16,80.3 2 0
HealthHub360/controllers/prescription.go:81.2,81.41 1 0
HealthHub360/controllers/receptionist.go:14.39,16.2 2 0
HealthHub360/controllers/receptionist.go:16.2,22.3 5 0
HealthHub360/controllers/receptionist.go:25.43,28.16 3 0
HealthHub360/controllers/receptionist.go:28.16,31.3 2 0
HealthHub360/controllers/receptionist.go:32.2,33.16 2 0
HealthHub360/controllers/receptionist.go:33.16,36.3 2 0
HealthHub360/controllers/receptionist.go:37.2,37.61 1 0
HealthHub360/controllers/receptionist.go:40.46,43.16 3 0
HealthHub360/controllers/receptionist.go:43.16,46.3 2 0
HealthHub360/controllers/receptionist.go:47.2,47.41 1 0
HealthHub360/controllers/receptionist.go:50.43,52.16 2 0
HealthHub360/controllers/receptionist.go:52.16,55.3 2 0
HealthHub360/controllers/receptionist.go:56.2,56.40 1 0
HealthHub360/controllers/receptionist.go:59.41,62.42 3 0
HealthHub360/controllers/receptionist.go:62.42,65.3 2 0
HealthHub360/controllers/receptionist.go:66.2,67.16 2 0
HealthHub360/controllers/receptionist.go:67.16,70.3 2 0
HealthHub360/controllers/receptionist.go:71.2,71.40 1 0
HealthHub360/controllers/receptionist.go:74.41,77.16 3 0
HealthHub360/controllers/receptionist.go:77.16,80.3 2 0
HealthHub360/controllers/receptionist.go:81.2,81.40 1 0
HealthHub360/controllers/role.go:15.31,17.2 2 0
HealthHub360/controllers/role.go:17.2,23.3 5 0
HealthHub360/controllers/role.go:31.33,35.46 2 0
HealthHub360/controllers/role.go:35.46,38.3 2 0
HealthHub360/controllers/role.go:40.2,41.16 2 0
HealthHub360/controllers/role.go:41.16,44.3 2 0
HealthHub360/controllers/role.go:46.2,46.59 1 0
HealthHub360/controllers/role.go:52.32,54.16 2 0
HealthHub360/controllers/role.go:54.16,57.3 2 0
HealthHub360/controllers/role.go:58.2,58.51 1 0
HealthHub360/controllers/role.go:64.33,68.42 3 0
HealthHub360/controllers/role.go:68.42,71.3 2 0
HealthHub360/controllers/role.go:73.2,74.16 2 0
HealthHub360/controllers/role.go:74.16,77.3 2 0
HealthHub360/controllers/role.go:79.2,79.44 1 0
HealthHub360/controllers/role.go:85.36,89.16 4 0
HealthHub360/controllers/role.go:89.16,92.3 2 0
HealthHub360/controllers/role.go:93.2,93.41 1 0
HealthHub360/controllers/role.go:100.33,104.16 4 0
HealthHub360/controllers/role.go:104.16,107.3 2 0
HealthHub360/controllers/role.go:108.2,108.59 1 0
HealthHub360/controllers/superAdmin.go:14.37,16.2 2 0
HealthHub360/controllers/superAdmin.go:16.2,19.3 2 0
HealthHub360/controllers/superAdmin.go:22.41,25.16 3 0
HealthHub360/controllers/superAdmin.go:25.16,28.3 2 0
HealthHub360/controllers/superAdmin.go:29.2,30.16 2 0
HealthHub360/controllers/superAdmin.go:30.16,33.3 2 0
HealthHub360/controllers/superAdmin.go:34.2,34.61 1 0
HealthHub360/controllers/superAdmin.go:37.46,40.16 3 0
HealthHub360/controllers/superAdmin.go:40.16,43.3 2 0
HealthHub360/controllers/superAdmin.go:44.2,44.43 1 0
HealthHub360/controllers/superAdmin.go:47.41,49.44 2 0
HealthHub360/controllers/superAdmin.go:49.44,52.3 2 0
HealthHub360/controllers/superAdmin.go:53.2,55.16 3 0
HealthHub360/controllers/superAdmin.go:55.16,58.3 2 0
HealthHub360/controllers/superAdmin.go:59.2,60.61 2 0
HealthHub360/controllers/tenant.go:15.33,17.2 2 0
HealthHub360/controllers/tenant.go:17.2,23.3 5 0
HealthHub360/controllers/tenant.go:26.35,28.50 2 0
HealthHub360/controllers/tenant.go:28.50,31.3 2 0
HealthHub360/controllers/tenant.go:32.2,32.57 1 0
HealthHub360/controllers/tenant.go:32.57,35.3 2 0
HealthHub360/controllers/tenant.go:36.2,36.69 1 0
HealthHub360/controllers/tenant.go:39.40,42.16 3 0
HealthHub360/controllers/tenant.go:42.16,45.3 2 0
HealthHub360/controllers/tenant.go:46.2,46.53 1 0
HealthHub360/controllers/tenant.go:54.31,56.16 2 0
HealthHub360/controllers/tenant.go:56.16,59.3 2 0
HealthHub360/controllers/tenant.go:60.2,60.54 1 0
HealthHub360/controllers/tenant.go:68.35,72.42 3 0
HealthHub360/controllers/tenant.go:72.42,75.3 2 0
HealthHub360/controllers/tenant.go:77.2,78.16 2 0
HealthHub360/controllers/tenant.go:78.16,81.3 2 0
HealthHub360/controllers/tenant.go:82.2,83.44 2 0
HealthHub360/controllers/tenant.go:91.41,94.16 3 0
HealthHub360/controllers/tenant.go:94.16,97.3 2 0
HealthHub360/controllers/tenant.go:98.2,100.4 1 0
HealthHub360/controllers/test.go:12.31,14.2 2 0
HealthHub360/controllers/test.go:14.2,20.3 5 0
HealthHub360/controllers/test.go:27.33,29.42 2 0
HealthHub360/controllers/test.go:29.42,32.3 2 0
HealthHub360/controllers/test.go:33.2,34.16 2 0
HealthHub360/controllers/test.go:34.16,37.3 2 0
HealthHub360/controllers/test.go:38.2,38.45 1 0
HealthHub360/controllers/test.go:46.33,49.42 3 0
HealthHub360/controllers/test.go:49.42,52.3 2 0
HealthHub360/controllers/test.go:53.2,53.59 1 0
HealthHub360/controllers/test.go:53.59,56.3 2 0
HealthHub360/controllers/test.go:57.2,57.59 1 0
HealthHub360/controllers/test.go:64.38,67.16 3 0
HealthHub360/controllers/test.go:67.16,70.3 2 0
HealthHub360/controllers/test.go:71.2,71.41 1 0
HealthHub360/controllers/test.go:78.36,81.16 3 0
HealthHub360/controllers/test.go:81.16,84.3 2 0
HealthHub360/controllers/test.go:85.2,85.43 1 0
HealthHub360/controllers/test.go:92.33,95.16 3 0
HealthHub360/controllers/test.go:95.16,98.3 2 0
HealthHub360/controllers/test.go:99.2,99.41 1 0
HealthHub360/controllers/testReport.go:14.37,18.2 3 0
HealthHub360/controllers/testReport.go:24.39,27.16 3 0
HealthHub360/controllers/testReport.go:27.16,30.3 2 0
HealthHub360/controllers/testReport.go:31.2,32.45 2 0
HealthHub360/controllers/testReport.go:35.44,38.16 3 0
HealthHub360/controllers/testReport.go:38.16,41.3 2 0
HealthHub360/controllers/testReport.go:42.2,42.47 1 0
HealthHub360/jobs/jobs.go:15.28,20.32 2 0
HealthHub360/jobs/jobs.go:20.32,23.3 2 0
HealthHub360/jobs/jobs.go:25.2,25.11 1 0
HealthHub360/jobs/jobs.go:27.26,31.28 3 0
HealthHub360/jobs/jobs.go:31.28,33.10 2 0
HealthHub360/jobs/jobs.go:33.10,35.12 2 0
HealthHub360/jobs/jobs.go:37.3,38.10 2 0
HealthHub360/jobs/jobs.go:38.10,40.12 2 0
HealthHub360/jobs/jobs.go:43.3,44.10 2 0
HealthHub360/jobs/jobs.go:44.10,46.12 2 0
HealthHub360/jobs/jobs.go:48.3,50.17 2 0
HealthHub360/jobs/jobs.go:50.17,52.4 1 0
HealthHub360/jobs/jobs.go:56.36,59.16 3 0
HealthHub360/jobs/jobs.go:59.16,61.3 1 0
HealthHub360/jobs/jobs.go:62.2,62.13 1 0
HealthHub360/jobs/jobs.go:64.102,72.30 5 0
HealthHub360/jobs/jobs.go:72.30,74.3 1 0
HealthHub360/jobs/jobs.go:75.2,77.16 3 0
HealthHub360/jobs/jobs.go:77.16,80.3 2 0
HealthHub360/jobs/jobs.go:81.2,94.12 4 0
HealthHub360/jobs/jobs.go:96.69,104.16 4 0
HealthHub360/jobs/jobs.go:104.16,106.3 1 0
HealthHub360/jobs/jobs.go:107.2,107.23 1 0
HealthHub360/jobs/jobs.go:109.76,116.32 5 0
HealthHub360/jobs/jobs.go:116.32,127.3 3 0
HealthHub360/jobs/jobs.go:128.2,128.14 1 0
HealthHub360/jobs/jobs.go:130.25,141.37 3 0
HealthHub360/jobs/jobs.go:141.37,149.17 3 0
HealthHub360/jobs/jobs.go:149.17,151.12 2 0
HealthHub360/jobs/jobs.go:154.3,154.17 1 0
HealthHub360/jobs/jobs.go:154.17,160.18 2 0
HealthHub360/jobs/jobs.go:160.18,162.5 1 0
HealthHub360/migrations/001_add_pharmacistId_in_bill.go:12.29,20.16 4 0
HealthHub360/migrations/001_add_pharmacistId_in_bill.go:20.16,22.3 1 0
HealthHub360/migrations/001_add_pharmacistId_in_bill.go:23.2,23.79 1 0
HealthHub360/migrations/002_update_loginAttempts_type.go:14.32,18.23 4 0
HealthHub360/migrations/002_update_loginAttempts_type.go:18.23,28.3 5 0
HealthHub360/migrations/002_update_loginAttempts_type.go:29.2,29.50 1 0
HealthHub360/migrations/003_remove_pharmacistId_in_bill.go:12.35,16.16 4 0
HealthHub360/migrations/003_remove_pharmacistId_in_bill.go:16.16,18.3 1 0
HealthHub360/migrations/003_remove_pharmacistId_in_bill.go:19.2,19.89 1 0
HealthHub360/migrations/004_update_loginAttempts_in_hospialAdmin.go:13.43,17.16 4 0
HealthHub360/migrations/004_update_loginAttempts_in_hospialAdmin.go:17.16,20.3 2 0
HealthHub360/migrations/004_update_loginAttempts_in_hospialAdmin.go:21.2,21.23 1 0
HealthHub360/migrations/004_update_loginAttempts_in_hospialAdmin.go:21.23,24.17 3 0
HealthHub360/migrations/004_update_loginAttempts_in_hospialAdmin.go:24.17,27.4 2 0
HealthHub360/migrations/004_update_loginAttempts_in_hospialAdmin.go:28.3,31.17 4 0
HealthHub360/migrations/004_update_loginAttempts_in_hospialAdmin.go:31.17,34.4 2 0
HealthHub360/migrations/004_update_loginAttempts_in_hospialAdmin.go:35.3,35.55 1 0
HealthHub360/migrations/004_update_loginAttempts_in_hospialAdmin.go:37.2,37.62 1 0
HealthHub360/routes/routes.go:11.28,38.2 23 0
HealthHub360/services/appointment.go:25.61,27.9 2 0
HealthHub360/services/appointment.go:27.9,30.3 2 0
HealthHub360/services/appointment.go:31.2,31.18 1 0
HealthHub360/services/appointment.go:37.66,39.27 2 0
HealthHub360/services/appointment.go:39.27,40.58 1 0
HealthHub360/services/appointment.go:40.58,43.4 2 0
HealthHub360/services/appointment.go:45.2,45.12 1 0
HealthHub360/services/appointment.go:53.106,56.16 2 0
HealthHub360/services/appointment.go:56.16,59.3 2 0
HealthHub360/services/appointment.go:60.2,61.9 2 0
HealthHub360/services/appointment.go:61.9,64.3 2 0
HealthHub360/services/appointment.go:66.2,67.16 2 0
HealthHub360/services/appointment.go:67.16,70.3 2 0
HealthHub360/services/appointment.go:71.2,72.9 2 0
HealthHub360/services/appointment.go:72.9,75.3 2 0
HealthHub360/services/appointment.go:77.2,77.32 1 0
HealthHub360/services/appointment.go:77.32,80.3 2 0
HealthHub360/services/appointment.go:81.2,81.20 1 0
HealthHub360/services/appointment.go:90.112,93.16 3 0
HealthHub360/services/appointment.go:93.16,94.34 1 0
HealthHub360/services/appointment.go:94.34,96.4 1 0
HealthHub360/services/appointment.go:97.3,97.18 1 0
HealthHub360/services/appointment.go:99.2,99.46 1 0
HealthHub360/services/appointment.go:99.46,101.3 1 0
HealthHub360/services/appointment.go:102.2,102.46 1 0
HealthHub360/services/appointment.go:102.46,104.3 1 0
HealthHub360/services/appointment.go:105.2,105.17 1 0
HealthHub360/services/appointment.go:108.81,110.36 2 0
HealthHub360/services/appointment.go:111.19,112.25 1 0
HealthHub360/services/appointment.go:112.25,114.4 1 0
HealthHub360/services/appointment.go:116.21,117.25 1 0
HealthHub360/services/appointment.go:117.25,119.4 1 0
HealthHub360/services/appointment.go:121.10,122.58 1 0
HealthHub360/services/appointment.go:124.2,124.23 1 0
HealthHub360/services/appointment.go:127.79,129.33 2 0
HealthHub360/services/appointment.go:129.33,130.42 1 0
HealthHub360/services/appointment.go:130.42,132.35 2 0
HealthHub360/services/appointment.go:132.35,134.5 1 0
HealthHub360/services/appointment.go:135.4,135.31 1 0
HealthHub360/services/appointment.go:135.31,137.5 1 0
HealthHub360/services/appointment.go:138.4,138.9 1 0
HealthHub360/services/appointment.go:142.2,142.16 1 0
HealthHub360/services/appointment.go:142.16,144.3 1 0
HealthHub360/services/appointment.go:145.2,145.12 1 0
HealthHub360/services/appointment.go:154.135,157.16 2 0
HealthHub360/services/appointment.go:157.16,159.3 1 0
HealthHub360/services/appointment.go:161.2,161.58 1 0
HealthHub360/services/appointment.go:161.58,163.3 1 0
HealthHub360/services/appointment.go:164.2,178.16 4 0
HealthHub360/services/appointment.go:178.16,180.3 1 0
HealthHub360/services/appointment.go:181.2,181.12 1 0
HealthHub360/services/appointment.go:189.174,191.16 2 0
HealthHub360/services/appointment.go:191.16,194.3 2 0
HealthHub360/services/appointment.go:196.2,211.16 3 0
HealthHub360/services/appointment.go:211.16,214.3 2 0
HealthHub360/services/appointment.go:215.2,219.16 5 0
HealthHub360/services/appointment.go:219.16,221.3 1 0
HealthHub360/services/appointment.go:222.2,223.16 2 0
HealthHub360/services/appointment.go:223.16,226.3 2 0
HealthHub360/services/appointment.go:227.2,227.25 1 0
HealthHub360/services/appointment.go:246.70,258.2 1 0
HealthHub360/services/appointment.go:259.76,262.27 3 0
HealthHub360/services/appointment.go:262.27,264.3 1 0
HealthHub360/services/appointment.go:264.8,267.10 3 0
HealthHub360/services/appointment.go:267.10,270.4 2 0
HealthHub360/services/appointment.go:271.3,271.25 1 0
HealthHub360/services/appointment.go:271.25,272.33 1 0
HealthHub360/services/appointment.go:272.33,274.5 1 0
HealthHub360/services/appointment.go:277.2,277.26 1 0
HealthHub360/services/appointment.go:280.77,282.27 1 0
HealthHub360/services/appointment.go:282.27,285.17 3 0
HealthHub360/services/appointment.go:285.17,288.4 2 0
HealthHub360/services/appointment.go:289.3,290.10 2 0
HealthHub360/services/appointment.go:290.10,293.4 2 0
HealthHub360/services/appointment.go:294.3,294.19 1 0
HealthHub360/services/appointment.go:294.19,297.4 2 0
HealthHub360/services/appointment.go:299.2,299.12 1 0
HealthHub360/services/appointment.go:307.98,311.16 3 0
HealthHub360/services/appointment.go:311.16,314.3 2 0
HealthHub360/services/appointment.go:315.2,318.16 4 0
HealthHub360/services/appointment.go:318.16,320.3 1 0
HealthHub360/services/appointment.go:321.2,321.67 1 0
HealthHub360/services/appointment.go:321.67,323.3 1 0
HealthHub360/services/appointment.go:324.2,335.16 6 0
HealthHub360/services/appointment.go:335.16,338.3 2 0
HealthHub360/services/appointment.go:339.2,342.16 4 0
HealthHub360/services/appointment.go:342.16,345.3 2 0
HealthHub360/services/appointment.go:346.2,348.16 3 0
HealthHub360/services/appointment.go:348.16,350.3 1 0
HealthHub360/services/appointment.go:351.2,352.16 2 0
HealthHub360/services/appointment.go:352.16,354.3 1 0
HealthHub360/services/appointment.go:355.2,355.12 1 0
HealthHub360/services/appointment.go:369.118,372.16 2 0
HealthHub360/services/appointment.go:372.16,375.3 2 0
HealthHub360/services/appointment.go:376.2,378.55 2 0
HealthHub360/services/appointment.go:378.55,381.3 2 0
HealthHub360/services/appointment.go:383.2,384.16 2 0
HealthHub360/services/appointment.go:384.16,387.3 2 0
HealthHub360/services/appointment.go:389.2,390.16 2 0
HealthHub360/services/appointment.go:390.16,393.3 2 0
HealthHub360/services/appointment.go:394.2,402.16 5 0
HealthHub360/services/appointment.go:402.16,405.3 2 0
HealthHub360/services/appointment.go:406.2,407.16 2 0
HealthHub360/services/appointment.go:407.16,410.3 2 0
HealthHub360/services/appointment.go:412.2,413.98 2 0
HealthHub360/services/appointment.go:413.98,416.3 2 0
HealthHub360/services/appointment.go:417.2,419.16 3 0
HealthHub360/services/appointment.go:419.16,422.3 2 0
HealthHub360/services/appointment.go:423.2,425.16 3 0
HealthHub360/services/appointment.go:425.16,427.3 1 0
HealthHub360/services/appointment.go:429.2,441.23 4 0
HealthHub360/services/appointment.go:441.23,444.3 2 0
HealthHub360/services/appointment.go:446.2,448.16 3 0
HealthHub360/services/appointment.go:448.16,451.3 2 0
HealthHub360/services/appointment.go:452.2,455.21 4 0
HealthHub360/services/appointment.go:455.21,458.3 2 0
HealthHub360/services/appointment.go:460.2,460.36 1 0
HealthHub360/services/appointment.go:472.99,484.16 9 0
HealthHub360/services/appointment.go:484.16,487.3 2 0
HealthHub360/services/appointment.go:489.2,489.125 1 0
HealthHub360/services/appointment.go:489.125,491.3 1 0
HealthHub360/services/appointment.go:492.2,497.16 5 0
HealthHub360/services/appointment.go:497.16,500.3 2 0
HealthHub360/services/appointment.go:502.2,502.106 1 0
HealthHub360/services/appointment.go:502.106,504.3 1 0
HealthHub360/services/appointment.go:505.2,506.16 2 0
HealthHub360/services/appointment.go:506.16,508.3 1 0
HealthHub360/services/appointment.go:510.2,510.20 1 0
HealthHub360/services/appointment.go:520.65,529.18 8 0
HealthHub360/services/appointment.go:529.18,531.3 1 0
HealthHub360/services/appointment.go:531.8,531.51 1 0
HealthHub360/services/appointment.go:531.51,535.3 1 0
HealthHub360/services/appointment.go:535.8,535.53 1 0
HealthHub360/services/appointment.go:535.53,539.3 1 0
HealthHub360/services/appointment.go:539.8,539.57 1 0
HealthHub360/services/appointment.go:539.57,543.17 4 0
HealthHub360/services/appointment.go:543.17,546.4 2 0
HealthHub360/services/appointment.go:547.3,549.4 1 0
HealthHub360/services/appointment.go:550.8,550.51 1 0
HealthHub360/services/appointment.go:550.51,554.3 1 0
HealthHub360/services/appointment.go:554.8,554.50 1 0
HealthHub360/services/appointment.go:554.50,558.3 1 0
HealthHub360/services/appointment.go:558.8,561.3 2 0
HealthHub360/services/appointment.go:562.2,564.16 3 0
HealthHub360/services/appointment.go:564.16,567.3 2 0
HealthHub360/services/appointment.go:568.2,568.17 1 0
HealthHub360/services/appointment.go:577.84,580.9 3 0
HealthHub360/services/appointment.go:580.9,582.3 1 0
HealthHub360/services/appointment.go:583.2,590.16 5 0
HealthHub360/services/appointment.go:590.16,594.3 2 0
HealthHub360/services/appointment.go:595.2,595.61 1 0
HealthHub360/services/appointment.go:595.61,598.3 2 0
HealthHub360/services/appointment.go:599.2,600.16 2 0
HealthHub360/services/appointment.go:600.16,603.3 2 0
HealthHub360/services/appointment.go:604.2,607.16 4 0
HealthHub360/services/appointment.go:607.16,610.3 2 0
HealthHub360/services/appointment.go:611.2,612.17 2 0
HealthHub360/services/appointment.go:615.73,619.2 3 0
HealthHub360/services/appointment.go:620.88,622.9 2 0
HealthHub360/services/appointment.go:622.9,625.3 2 0
HealthHub360/services/appointment.go:626.2,626.26 1 0
HealthHub360/services/appointment.go:626.26,629.3 2 0
HealthHub360/services/appointment.go:630.2,630.12 1 0
HealthHub360/services/appointment.go:632.98,634.16 2 0
HealthHub360/services/appointment.go:634.16,637.3 2 0
HealthHub360/services/appointment.go:638.2,639.9 2 0
HealthHub360/services/appointment.go:639.9,642.3 2 0
HealthHub360/services/appointment.go:643.2,643.55 1 0
HealthHub360/services/appointment.go:643.55,646.3 2 0
HealthHub360/services/appointment.go:647.2,647.12 1 0
HealthHub360/services/appointment.go:649.85,654.52 3 0
HealthHub360/services/appointment.go:654.52,656.3 1 0
HealthHub360/services/appointment.go:658.2,658.46 1 0
HealthHub360/services/appointment.go:658.46,660.3 1 0
HealthHub360/services/appointment.go:662.2,662.12 1 0
HealthHub360/services/appointment.go:665.150,673.16 4 0
HealthHub360/services/appointment.go:673.16,676.3 2 0
HealthHub360/services/appointment.go:677.2,680.16 4 0
HealthHub360/services/appointment.go:680.16,683.3 2 0
HealthHub360/services/appointment.go:684.2,684.32 1 0
HealthHub360/services/appointment.go:695.113,700.16 4 0
HealthHub360/services/appointment.go:700.16,703.3 2 0
HealthHub360/services/appointment.go:704.2,705.16 2 0
HealthHub360/services/appointment.go:705.16,708.3 2 0
HealthHub360/services/appointment.go:710.2,710.61 1 0
HealthHub360/services/appointment.go:710.61,712.3 1 0
HealthHub360/services/appointment.go:713.2,714.16 2 0
HealthHub360/services/appointment.go:714.16,717.3 2 0
HealthHub360/services/appointment.go:719.2,722.50 3 0
HealthHub360/services/appointment.go:722.50,724.3 1 0
HealthHub360/services/appointment.go:726.2,726.67 1 0
HealthHub360/services/appointment.go:726.67,728.3 1 0
HealthHub360/services/appointment.go:729.2,729.23 1 0
HealthHub360/services/auth.go:29.60,34.49 4 0
HealthHub360/services/auth.go:34.49,36.3 1 0
HealthHub360/services/auth.go:37.2,38.21 2 0
HealthHub360/services/auth.go:38.21,40.3 1 0
HealthHub360/services/auth.go:41.2,41.20 1 0
HealthHub360/services/auth.go:41.20,43.17 2 0
HealthHub360/services/auth.go:43.17,46.4 2 0
HealthHub360/services/auth.go:48.2,48.17 1 0
HealthHub360/services/auth.go:48.17,50.17 2 0
HealthHub360/services/auth.go:50.17,53.4 2 0
HealthHub360/services/auth.go:55.2,55.17 1 0
HealthHub360/services/auth.go:55.17,57.17 2 0
HealthHub360/services/auth.go:57.17,60.4 2 0
HealthHub360/services/auth.go:62.2,62.16 1 0
HealthHub360/services/auth.go:62.16,64.17 2 0
HealthHub360/services/auth.go:64.17,67.4 2 0
HealthHub360/services/auth.go:69.2,69.12 1 0
HealthHub360/services/auth.go:75.59,78.52 2 0
HealthHub360/services/auth.go:78.52,80.3 1 0
HealthHub360/services/auth.go:81.2,81.54 1 0
HealthHub360/services/auth.go:81.54,83.3 1 0
HealthHub360/services/auth.go:84.2,84.51 1 0
HealthHub360/services/auth.go:84.51,86.3 1 0
HealthHub360/services/auth.go:88.2,88.15 1 0
HealthHub360/services/auth.go:94.84,99.16 4 0
HealthHub360/services/auth.go:99.16,101.3 1 0
HealthHub360/services/auth.go:103.2,103.20 1 0
HealthHub360/services/auth.go:110.111,115.16 4 0
HealthHub360/services/auth.go:115.16,117.3 1 0
HealthHub360/services/auth.go:118.2,118.20 1 0
HealthHub360/services/auth.go:125.62,128.9 2 0
HealthHub360/services/auth.go:128.9,130.3 1 0
HealthHub360/services/auth.go:132.2,134.34 2 0
HealthHub360/services/auth.go:135.26,136.24 1 0
HealthHub360/services/auth.go:137.17,138.17 1 0
HealthHub360/services/auth.go:139.10,140.67 1 0
HealthHub360/services/auth.go:143.2,143.34 1 0
HealthHub360/services/auth.go:143.34,145.3 1 0
HealthHub360/services/auth.go:147.2,147.12 1 0
HealthHub360/services/auth.go:153.68,154.41 1 0
HealthHub360/services/auth.go:154.41,156.3 1 0
HealthHub360/services/auth.go:158.2,159.16 2 0
HealthHub360/services/auth.go:159.16,161.3 1 0
HealthHub360/services/auth.go:163.2,163.12 1 0
HealthHub360/services/auth.go:186.46,195.2 6 0
HealthHub360/services/auth.go:201.102,209.2 5 0
HealthHub360/services/auth.go:211.101,214.20 2 0
HealthHub360/services/auth.go:214.20,216.75 2 0
HealthHub360/services/auth.go:216.75,219.4 2 0
HealthHub360/services/auth.go:220.3,220.20 1 0
HealthHub360/services/auth.go:220.20,230.4 4 0
HealthHub360/services/auth.go:232.3,233.17 2 0
HealthHub360/services/auth.go:235.2,235.12 1 0
HealthHub360/services/auth.go:238.116,243.45 4 0
HealthHub360/services/auth.go:243.45,246.3 2 0
HealthHub360/services/auth.go:246.8,249.3 2 0
HealthHub360/services/auth.go:250.2,253.16 4 0
HealthHub360/services/auth.go:253.16,256.3 2 0
HealthHub360/services/auth.go:257.2,257.19 1 0
HealthHub360/services/auth.go:264.101,272.2 5 0
HealthHub360/services/auth.go:282.89,283.49 1 0
HealthHub360/services/auth.go:283.49,286.3 2 0
HealthHub360/services/auth.go:288.2,290.16 3 0
HealthHub360/services/auth.go:290.16,293.3 2 0
HealthHub360/services/auth.go:295.2,302.16 7 0
HealthHub360/services/auth.go:302.16,305.3 2 0
HealthHub360/services/auth.go:307.2,308.16 2 0
HealthHub360/services/auth.go:308.16,311.3 2 0
HealthHub360/services/auth.go:312.2,312.30 1 0
HealthHub360/services/auth.go:312.30,313.52 1 0
HealthHub360/services/auth.go:313.52,315.4 1 0
HealthHub360/services/auth.go:316.3,316.39 1 0
HealthHub360/services/auth.go:319.2,320.16 2 0
HealthHub360/services/auth.go:320.16,323.3 2 0
HealthHub360/services/auth.go:325.2,325.70 1 0
HealthHub360/services/auth.go:325.70,328.3 2 0
HealthHub360/services/auth.go:329.2,330.16 2 0
HealthHub360/services/auth.go:330.16,333.3 2 0
HealthHub360/services/auth.go:334.2,335.18 2 0
HealthHub360/services/auth.go:341.83,343.9 2 0
HealthHub360/services/auth.go:343.9,345.3 1 0
HealthHub360/services/auth.go:346.2,348.29 3 0
HealthHub360/services/auth.go:348.29,350.3 1 0
HealthHub360/services/auth.go:352.2,353.9 2 0
HealthHub360/services/auth.go:353.9,355.3 1 0
HealthHub360/services/auth.go:357.2,359.23 3 0
HealthHub360/services/auth.go:359.23,361.3 1 0
HealthHub360/services/auth.go:362.2,368.30 7 0
HealthHub360/services/auth.go:374.81,378.15 3 0
HealthHub360/services/auth.go:378.15,380.3 1 0
HealthHub360/services/auth.go:381.2,381.15 1 0
HealthHub360/services/auth.go:381.15,383.3 1 0
HealthHub360/services/auth.go:384.2,385.16 2 0
HealthHub360/services/auth.go:385.16,388.3 2 0
HealthHub360/services/auth.go:389.2,390.16 2 0
HealthHub360/services/auth.go:390.16,393.3 2 0
HealthHub360/services/auth.go:394.2,396.36 3 0
HealthHub360/services/auth.go:396.36,398.3 1 0
HealthHub360/services/auth.go:399.2,401.42 3 0
HealthHub360/services/auth.go:407.115,421.16 5 0
HealthHub360/services/auth.go:421.16,424.3 2 0
HealthHub360/services/auth.go:426.2,431.16 3 0
HealthHub360/services/auth.go:431.16,433.3 1 0
HealthHub360/services/auth.go:435.2,435.12 1 0
HealthHub360/services/auth.go:443.51,445.23 1 0
HealthHub360/services/auth.go:445.23,447.3 1 0
HealthHub360/services/auth.go:450.2,458.30 5 0
HealthHub360/services/auth.go:458.30,459.10 1 0
HealthHub360/services/auth.go:460.31,461.19 1 0
HealthHub360/services/auth.go:462.31,463.20 1 0
HealthHub360/services/auth.go:464.47,465.21 1 0
HealthHub360/services/auth.go:469.2,469.15 1 0
HealthHub360/services/auth.go:469.15,471.3 1 0
HealthHub360/services/auth.go:472.2,472.16 1 0
HealthHub360/services/auth.go:472.16,474.3 1 0
HealthHub360/services/auth.go:475.2,475.17 1 0
HealthHub360/services/auth.go:475.17,477.3 1 0
HealthHub360/services/auth.go:478.2,478.44 1 0
HealthHub360/services/auth.go:478.44,480.3 1 0
HealthHub360/services/auth.go:482.2,482.12 1 0
HealthHub360/services/auth.go:488.52,490.16 2 0
HealthHub360/services/auth.go:490.16,492.3 1 0
HealthHub360/services/auth.go:493.2,493.26 1 0
HealthHub360/services/auth.go:504.81,506.16 2 0
HealthHub360/services/auth.go:506.16,509.3 2 0
HealthHub360/services/auth.go:510.2,511.16 2 0
HealthHub360/services/auth.go:511.16,514.3 2 0
HealthHub360/services/auth.go:516.2,516.59 1 0
HealthHub360/services/auth.go:516.59,519.3 2 0
HealthHub360/services/auth.go:521.2,522.16 2 0
HealthHub360/services/auth.go:522.16,525.3 2 0
HealthHub360/services/auth.go:526.2,528.89 2 0
HealthHub360/services/auth.go:528.89,531.3 2 0
HealthHub360/services/auth.go:533.2,533.41 1 0
HealthHub360/services/auth.go:541.61,545.34 3 0
HealthHub360/services/auth.go:545.34,547.3 1 0
HealthHub360/services/auth.go:549.2,549.17 1 0
HealthHub360/services/auth.go:549.17,551.17 2 0
HealthHub360/services/auth.go:551.17,554.4 2 0
HealthHub360/services/auth.go:557.2,557.17 1 0
HealthHub360/services/auth.go:557.17,559.17 2 0
HealthHub360/services/auth.go:559.17,562.4 2 0
HealthHub360/services/auth.go:564.2,564.12 1 0
HealthHub360/services/auth.go:570.60,573.52 2 0
HealthHub360/services/auth.go:573.52,575.3 1 0
HealthHub360/services/auth.go:576.2,576.54 1 0
HealthHub360/services/auth.go:576.54,578.3 1 0
HealthHub360/services/auth.go:579.2,580.15 2 0
HealthHub360/services/auth.go:592.82,594.50 1 0
HealthHub360/services/auth.go:594.50,597.3 2 0
HealthHub360/services/auth.go:599.2,602.16 3 0
HealthHub360/services/auth.go:602.16,605.3 2 0
HealthHub360/services/auth.go:607.2,613.16 6 0
HealthHub360/services/auth.go:613.16,616.3 2 0
HealthHub360/services/auth.go:619.2,623.16 5 0
HealthHub360/services/auth.go:623.16,626.3 2 0
HealthHub360/services/auth.go:627.2,642.16 5 0
HealthHub360/services/auth.go:642.16,644.3 1 0
HealthHub360/services/auth.go:646.2,648.16 3 0
HealthHub360/services/auth.go:648.16,650.3 1 0
HealthHub360/services/auth.go:652.2,656.16 4 0
HealthHub360/services/auth.go:656.16,659.3 2 0
HealthHub360/services/auth.go:661.2,661.45 1 0
HealthHub360/services/bill.go:29.75,32.16 3 0
HealthHub360/services/bill.go:32.16,35.3 2 0
HealthHub360/services/bill.go:36.2,37.9 2 0
HealthHub360/services/bill.go:37.9,40.3 2 0
HealthHub360/services/bill.go:41.2,42.9 2 0
HealthHub360/services/bill.go:42.9,45.3 2 0
HealthHub360/services/bill.go:46.2,46.46 1 0
HealthHub360/services/bill.go:46.46,49.3 2 0
HealthHub360/services/bill.go:50.2,50.12 1 0
HealthHub360/services/bill.go:52.88,54.26 2 0
HealthHub360/services/bill.go:54.26,57.3 2 0
HealthHub360/services/bill.go:58.2,60.28 3 0
HealthHub360/services/bill.go:61.19,62.25 1 0
HealthHub360/services/bill.go:63.21,64.10 1 0
HealthHub360/services/bill.go:65.10,66.60 1 0
HealthHub360/services/bill.go:68.2,68.19 1 0
HealthHub360/services/bill.go:68.19,70.3 1 0
HealthHub360/services/bill.go:72.2,73.9 2 0
HealthHub360/services/bill.go:73.9,75.3 1 0
HealthHub360/services/bill.go:76.2,76.27 1 0
HealthHub360/services/bill.go:78.90,81.32 3 0
HealthHub360/services/bill.go:81.32,84.3 2 0
HealthHub360/services/bill.go:85.2,88.30 3 0
HealthHub360/services/bill.go:89.21,90.15 1 0
HealthHub360/services/bill.go:91.19,92.30 1 0
HealthHub360/services/bill.go:93.10,94.53 1 0
HealthHub360/services/bill.go:96.2,96.29 1 0
HealthHub360/services/bill.go:96.29,98.10 2 0
HealthHub360/services/bill.go:98.10,101.4 2 0
HealthHub360/services/bill.go:102.3,102.29 1 0
HealthHub360/services/bill.go:104.2,104.19 1 0
HealthHub360/services/bill.go:106.120,109.16 2 0
HealthHub360/services/bill.go:109.16,112.3 2 0
HealthHub360/services/bill.go:113.2,116.26 4 0
HealthHub360/services/bill.go:116.26,118.17 2 0
HealthHub360/services/bill.go:118.17,121.4 2 0
HealthHub360/services/bill.go:122.3,124.10 3 0
HealthHub360/services/bill.go:124.10,127.4 2 0
HealthHub360/services/bill.go:128.3,132.42 5 0
HealthHub360/services/bill.go:134.2,134.37 1 0
HealthHub360/services/bill.go:136.97,138.9 2 0
HealthHub360/services/bill.go:138.9,141.3 2 0
HealthHub360/services/bill.go:142.2,142.28 1 0
HealthHub360/services/bill.go:144.83,146.9 2 0
HealthHub360/services/bill.go:146.9,149.3 2 0
HealthHub360/services/bill.go:150.2,151.33 2 0
HealthHub360/services/bill.go:152.19,153.31 1 0
HealthHub360/services/bill.go:154.21,155.16 1 0
HealthHub360/services/bill.go:156.10,157.75 1 0
HealthHub360/services/bill.go:159.2,159.23 1 0
HealthHub360/services/bill.go:162.88,165.16 3 0
HealthHub360/services/bill.go:165.16,168.3 2 0
HealthHub360/services/bill.go:170.2,171.9 2 0
HealthHub360/services/bill.go:171.9,174.3 2 0
HealthHub360/services/bill.go:175.2,179.9 4 0
HealthHub360/services/bill.go:179.9,182.3 2 0
HealthHub360/services/bill.go:183.2,184.9 2 0
HealthHub360/services/bill.go:184.9,187.3 2 0
HealthHub360/services/bill.go:188.2,192.9 4 0
HealthHub360/services/bill.go:192.9,195.3 2 0
HealthHub360/services/bill.go:196.2,197.9 2 0
HealthHub360/services/bill.go:197.9,200.3 2 0
HealthHub360/services/bill.go:201.2,203.62 3 0
HealthHub360/services/bill.go:205.96,208.9 2 0
HealthHub360/services/bill.go:208.9,211.3 2 0
HealthHub360/services/bill.go:213.2,214.9 2 0
HealthHub360/services/bill.go:214.9,217.3 2 0
HealthHub360/services/bill.go:218.2,221.9 3 0
HealthHub360/services/bill.go:221.9,224.3 2 0
HealthHub360/services/bill.go:225.2,230.28 5 0
HealthHub360/services/bill.go:230.28,232.3 1 0
HealthHub360/services/bill.go:233.2,233.30 1 0
HealthHub360/services/bill.go:233.30,235.3 1 0
HealthHub360/services/bill.go:236.2,236.26 1 0
HealthHub360/services/bill.go:236.26,238.3 1 0
HealthHub360/services/bill.go:239.2,240.38 2 0
HealthHub360/services/bill.go:247.35,250.16 2 0
HealthHub360/services/bill.go:250.16,253.3 2 0
HealthHub360/services/bill.go:255.2,256.16 2 0
HealthHub360/services/bill.go:256.16,259.3 2 0
HealthHub360/services/bill.go:261.2,261.26 1 0
HealthHub360/services/bill.go:272.40,283.26 8 0
HealthHub360/services/bill.go:283.26,287.3 3 0
HealthHub360/services/bill.go:289.2,298.16 4 0
HealthHub360/services/bill.go:298.16,300.3 1 0
HealthHub360/services/bill.go:302.2,302.35 1 0
HealthHub360/services/bill.go:311.9,319.16 3 0
HealthHub360/services/bill.go:319.16,322.3 2 0
HealthHub360/services/bill.go:324.2,324.12 1 0
HealthHub360/services/bill.go:331.40,334.9 2 0
HealthHub360/services/bill.go:334.9,336.3 1 0
HealthHub360/services/bill.go:338.2,339.16 2 0
HealthHub360/services/bill.go:339.16,341.3 1 0
HealthHub360/services/bill.go:343.2,345.16 2 0
HealthHub360/services/bill.go:345.16,347.3 1 0
HealthHub360/services/bill.go:349.2,356.3 1 0
HealthHub360/services/bill.go:362.42,365.16 2 0
HealthHub360/services/bill.go:365.16,367.3 1 0
HealthHub360/services/bill.go:369.2,370.16 2 0
HealthHub360/services/bill.go:370.16,372.3 1 0
HealthHub360/services/bill.go:374.2,379.30 2 0
HealthHub360/services/bill.go:379.30,381.17 2 0
HealthHub360/services/bill.go:381.17,383.4 1 0
HealthHub360/services/bill.go:385.3,386.27 2 0
HealthHub360/services/bill.go:389.2,389.44 1 0
HealthHub360/services/bill.go:403.67,405.16 2 0
HealthHub360/services/bill.go:405.16,408.3 2 0
HealthHub360/services/bill.go:409.2,410.16 2 0
HealthHub360/services/bill.go:410.16,413.3 2 0
HealthHub360/services/bill.go:415.2,416.16 2 0
HealthHub360/services/bill.go:416.16,419.3 2 0
HealthHub360/services/bill.go:420.2,422.16 3 0
HealthHub360/services/bill.go:422.16,425.3 2 0
HealthHub360/services/bill.go:426.2,427.13 2 0
HealthHub360/services/bill.go:427.13,430.3 2 0
HealthHub360/services/bill.go:431.2,432.16 2 0
HealthHub360/services/bill.go:432.16,435.3 2 0
HealthHub360/services/bill.go:436.2,437.16 2 0
HealthHub360/services/bill.go:437.16,440.3 2 0
HealthHub360/services/bill.go:441.2,442.16 2 0
HealthHub360/services/bill.go:442.16,445.3 2 0
HealthHub360/services/bill.go:446.2,453.16 8 0
HealthHub360/services/bill.go:453.16,456.3 2 0
HealthHub360/services/bill.go:457.2,461.16 5 0
HealthHub360/services/bill.go:461.16,464.3 2 0
HealthHub360/services/bill.go:466.2,467.16 2 0
HealthHub360/services/bill.go:467.16,470.3 2 0
HealthHub360/services/bill.go:471.2,482.16 12 0
HealthHub360/services/bill.go:482.16,485.3 2 0
HealthHub360/services/bill.go:486.2,489.16 4 0
HealthHub360/services/bill.go:489.16,491.3 1 0
HealthHub360/services/bill.go:492.2,492.36 1 0
HealthHub360/services/bill.go:504.85,513.16 8 0
HealthHub360/services/bill.go:513.16,516.3 2 0
HealthHub360/services/bill.go:518.2,519.125 2 0
HealthHub360/services/bill.go:519.125,521.3 1 0
HealthHub360/services/bill.go:522.2,527.16 5 0
HealthHub360/services/bill.go:527.16,530.3 2 0
HealthHub360/services/bill.go:532.2,532.106 1 0
HealthHub360/services/bill.go:532.106,534.3 1 0
HealthHub360/services/bill.go:535.2,536.16 2 0
HealthHub360/services/bill.go:536.16,538.3 1 0
HealthHub360/services/bill.go:540.2,540.20 1 0
HealthHub360/services/bill.go:543.103,555.29 10 0
HealthHub360/services/bill.go:555.29,557.3 1 0
HealthHub360/services/bill.go:559.2,561.16 3 0
HealthHub360/services/bill.go:561.16,563.3 1 0
HealthHub360/services/bill.go:566.2,567.16 2 0
HealthHub360/services/bill.go:567.16,569.3 1 0
HealthHub360/services/bill.go:572.2,573.16 2 0
HealthHub360/services/bill.go:573.16,575.3 1 0
HealthHub360/services/bill.go:576.2,577.16 2 0
HealthHub360/services/bill.go:577.16,579.3 1 0
HealthHub360/services/bill.go:580.2,584.16 4 0
HealthHub360/services/bill.go:584.16,586.3 1 0
HealthHub360/services/bill.go:588.2,589.16 2 0
HealthHub360/services/bill.go:589.16,591.3 1 0
HealthHub360/services/bill.go:593.2,604.16 9 0
HealthHub360/services/bill.go:604.16,606.3 1 0
HealthHub360/services/bill.go:607.2,608.16 2 0
HealthHub360/services/bill.go:608.16,610.3 1 0
HealthHub360/services/bill.go:611.2,634.20 20 0
HealthHub360/services/bill.go:637.93,639.16 2 0
HealthHub360/services/bill.go:639.16,641.3 1 0
HealthHub360/services/bill.go:643.2,644.49 2 0
HealthHub360/services/bill.go:644.49,646.3 1 0
HealthHub360/services/bill.go:648.2,648.66 1 0
HealthHub360/services/bill.go:648.66,650.3 1 0
HealthHub360/services/bill.go:652.2,663.34 4 0
HealthHub360/services/bill.go:663.34,665.3 1 0
HealthHub360/services/bill.go:667.2,667.12 1 0
HealthHub360/services/bill.go:673.82,675.16 2 0
HealthHub360/services/bill.go:675.16,677.3 1 0
HealthHub360/services/bill.go:679.2,680.16 2 0
HealthHub360/services/bill.go:680.16,682.3 1 0
HealthHub360/services/bill.go:684.2,690.16 5 0
HealthHub360/services/bill.go:690.16,692.3 1 0
HealthHub360/services/bill.go:694.2,694.31 1 0
HealthHub360/services/bill.go:696.87,735.16 11 0
HealthHub360/services/bill.go:735.16,737.3 1 0
HealthHub360/services/bill.go:738.2,747.50 5 0
HealthHub360/services/bill.go:747.50,749.3 1 0
HealthHub360/services/bill.go:752.2,752.64 1 0
HealthHub360/services/bill.go:752.64,754.3 1 0
HealthHub360/services/bill.go:756.2,756.72 1 0
HealthHub360/services/bill.go:759.50,763.16 3 0
HealthHub360/services/bill.go:763.16,765.3 1 0
HealthHub360/services/bill.go:766.2,769.16 3 0
HealthHub360/services/bill.go:769.16,771.3 1 0
HealthHub360/services/bill.go:773.2,775.49 2 0
HealthHub360/services/bill.go:777.60,786.2 2 0
HealthHub360/services/bill.go:788.70,791.9 3 0
HealthHub360/services/bill.go:791.9,793.3 1 0
HealthHub360/services/bill.go:794.2,801.16 5 0
HealthHub360/services/bill.go:801.16,805.3 2 0
HealthHub360/services/bill.go:806.2,806.59 1 0
HealthHub360/services/bill.go:806.59,809.3 2 0
HealthHub360/services/bill.go:810.2,811.16 2 0
HealthHub360/services/bill.go:811.16,814.3 2 0
HealthHub360/services/bill.go:815.2,818.16 4 0
HealthHub360/services/bill.go:818.16,821.3 2 0
HealthHub360/services/bill.go:822.2,823.17 2 0
HealthHub360/services/consent.go:21.164,31.2 9 0
HealthHub360/services/consent.go:32.97,39.16 5 0
HealthHub360/services/consent.go:39.16,42.3 2 0
HealthHub360/services/consent.go:43.2,44.9 2 0
HealthHub360/services/consent.go:44.9,47.3 2 0
HealthHub360/services/consent.go:48.2,49.31 2 0
HealthHub360/services/consent.go:49.31,51.17 2 0
HealthHub360/services/consent.go:51.17,54.4 2 0
HealthHub360/services/consent.go:56.2,56.61 1 0
HealthHub360/services/consent.go:56.61,59.3 2 0
HealthHub360/services/consent.go:61.2,62.12 2 0
HealthHub360/services/consent.go:75.105,80.16 5 0
HealthHub360/services/consent.go:80.16,83.3 2 0
HealthHub360/services/consent.go:85.2,88.16 3 0
HealthHub360/services/consent.go:88.16,91.3 2 0
HealthHub360/services/consent.go:93.2,96.16 4 0
HealthHub360/services/consent.go:96.16,98.3 1 0
HealthHub360/services/consent.go:100.2,102.14 3 0
HealthHub360/services/consent.go:102.14,104.3 1 0
HealthHub360/services/consent.go:104.8,106.17 2 0
HealthHub360/services/consent.go:106.17,109.4 2 0
HealthHub360/services/consent.go:112.2,113.16 2 0
HealthHub360/services/consent.go:113.16,116.3 2 0
HealthHub360/services/consent.go:117.2,120.16 4 0
HealthHub360/services/consent.go:120.16,123.3 2 0
HealthHub360/services/consent.go:124.2,127.16 4 0
HealthHub360/services/consent.go:127.16,129.3 1 0
HealthHub360/services/consent.go:130.2,133.16 4 0
HealthHub360/services/consent.go:133.16,136.3 2 0
HealthHub360/services/consent.go:137.2,137.36 1 0
HealthHub360/services/consent.go:147.143,150.18 2 0
HealthHub360/services/consent.go:150.18,152.3 1 0
HealthHub360/services/consent.go:154.2,154.46 1 0
HealthHub360/services/consent.go:154.46,155.46 1 0
HealthHub360/services/consent.go:155.46,157.4 1 0
HealthHub360/services/consent.go:158.3,158.13 1 0
HealthHub360/services/consent.go:161.2,161.48 1 0
HealthHub360/services/consent.go:161.48,162.44 1 0
HealthHub360/services/consent.go:162.44,164.4 1 0
HealthHub360/services/consent.go:165.3,165.13 1 0
HealthHub360/services/consent.go:168.2,168.47 1 0
HealthHub360/services/consent.go:168.47,169.43 1 0
HealthHub360/services/consent.go:169.43,171.4 1 0
HealthHub360/services/consent.go:174.2,174.48 1 0
HealthHub360/services/consent.go:174.48,175.44 1 0
HealthHub360/services/consent.go:175.44,177.4 1 0
HealthHub360/services/consent.go:179.2,181.69 3 0
HealthHub360/services/consent.go:181.69,183.3 1 0
HealthHub360/services/consent.go:185.2,185.12 1 0
HealthHub360/services/consent.go:193.195,197.27 3 0
HealthHub360/services/consent.go:197.27,199.3 1 0
HealthHub360/services/consent.go:201.2,201.106 1 0
HealthHub360/services/consent.go:201.106,203.3 1 0
HealthHub360/services/consent.go:205.2,205.26 1 0
HealthHub360/services/consent.go:214.91,225.16 9 0
HealthHub360/services/consent.go:225.16,228.3 2 0
HealthHub360/services/consent.go:230.2,230.142 1 0
HealthHub360/services/consent.go:230.142,232.3 1 0
HealthHub360/services/consent.go:234.2,239.16 5 0
HealthHub360/services/consent.go:239.16,242.3 2 0
HealthHub360/services/consent.go:244.2,244.106 1 0
HealthHub360/services/consent.go:244.106,246.3 1 0
HealthHub360/services/consent.go:247.2,248.16 2 0
HealthHub360/services/consent.go:248.16,250.3 1 0
HealthHub360/services/consent.go:252.2,252.20 1 0
HealthHub360/services/consent.go:260.62,269.18 8 0
HealthHub360/services/consent.go:269.18,271.3 1 0
HealthHub360/services/consent.go:271.8,271.51 1 0
HealthHub360/services/consent.go:271.51,275.3 1 0
HealthHub360/services/consent.go:275.8,275.53 1 0
HealthHub360/services/consent.go:275.53,279.3 1 0
HealthHub360/services/consent.go:279.8,279.50 1 0
HealthHub360/services/consent.go:279.50,283.3 1 0
HealthHub360/services/consent.go:283.8,286.3 2 0
HealthHub360/services/consent.go:287.2,289.16 3 0
HealthHub360/services/consent.go:289.16,292.3 2 0
HealthHub360/services/consent.go:293.2,293.17 1 0
HealthHub360/services/consent.go:300.70,302.16 2 0
HealthHub360/services/consent.go:302.16,305.3 2 0
HealthHub360/services/consent.go:306.2,314.16 6 0
HealthHub360/services/consent.go:314.16,317.3 2 0
HealthHub360/services/consent.go:318.2,319.16 2 0
HealthHub360/services/consent.go:319.16,322.3 2 0
HealthHub360/services/consent.go:323.2,324.36 2 0
HealthHub360/services/digitalSignature.go:12.65,14.16 2 0
HealthHub360/services/digitalSignature.go:14.16,16.3 1 0
HealthHub360/services/digitalSignature.go:17.2,17.47 1 0
HealthHub360/services/digitalSignature.go:19.72,29.16 3 0
HealthHub360/services/digitalSignature.go:29.16,31.3 1 0
HealthHub360/services/digitalSignature.go:33.2,33.58 1 0
HealthHub360/services/digitalSignature.go:35.91,38.16 2 0
HealthHub360/services/digitalSignature.go:38.16,40.3 1 0
HealthHub360/services/digitalSignature.go:43.2,51.3 2 0
HealthHub360/services/digitalSignature.go:53.25,57.16 3 0
HealthHub360/services/digitalSignature.go:57.16,58.13 1 0
HealthHub360/services/digitalSignature.go:61.2,62.16 2 0
HealthHub360/services/digitalSignature.go:62.16,63.13 1 0
HealthHub360/services/digitalSignature.go:66.2,71.16 4 0
HealthHub360/services/digitalSignature.go:71.16,73.3 1 0
HealthHub360/services/digitalSignature.go:73.8,75.3 1 0
HealthHub360/services/digitalSignature.go:78.2,81.16 3 0
HealthHub360/services/digitalSignature.go:81.16,83.3 1 0
HealthHub360/services/digitalSignature.go:83.8,85.3 1 0
HealthHub360/services/doctor.go:27.80,30.16 3 0
HealthHub360/services/doctor.go:30.16,33.3 2 0
HealthHub360/services/doctor.go:34.2,35.16 2 0
HealthHub360/services/doctor.go:35.16,38.3 2 0
HealthHub360/services/doctor.go:39.2,40.16 2 0
HealthHub360/services/doctor.go:40.16,43.3 2 0
HealthHub360/services/doctor.go:44.2,45.16 2 0
HealthHub360/services/doctor.go:45.16,48.3 2 0
HealthHub360/services/doctor.go:49.2,50.16 2 0
HealthHub360/services/doctor.go:50.16,53.3 2 0
HealthHub360/services/doctor.go:54.2,58.16 4 0
HealthHub360/services/doctor.go:58.16,61.3 2 0
HealthHub360/services/doctor.go:62.2,63.75 2 0
HealthHub360/services/doctor.go:63.75,66.3 2 0
HealthHub360/services/doctor.go:67.2,69.16 3 0
HealthHub360/services/doctor.go:69.16,71.3 1 0
HealthHub360/services/doctor.go:72.2,72.65 1 0
HealthHub360/services/doctor.go:72.65,75.3 2 0
HealthHub360/services/doctor.go:76.2,76.147 1 0
HealthHub360/services/doctor.go:76.147,79.3 2 0
HealthHub360/services/doctor.go:80.2,84.16 4 0
HealthHub360/services/doctor.go:84.16,87.3 2 0
HealthHub360/services/doctor.go:88.2,89.36 2 0
HealthHub360/services/doctor.go:99.97,102.27 3 0
HealthHub360/services/doctor.go:102.27,103.54 1 0
HealthHub360/services/doctor.go:103.54,106.4 2 0
HealthHub360/services/doctor.go:108.2,108.47 1 0
HealthHub360/services/doctor.go:108.47,110.3 1 0
HealthHub360/services/doctor.go:112.2,114.16 3 0
HealthHub360/services/doctor.go:114.16,117.3 2 0
HealthHub360/services/doctor.go:119.2,127.16 6 0
HealthHub360/services/doctor.go:127.16,130.3 2 0
HealthHub360/services/doctor.go:131.2,136.24 5 0
HealthHub360/services/doctor.go:136.24,139.3 2 0
HealthHub360/services/doctor.go:140.2,141.16 2 0
HealthHub360/services/doctor.go:141.16,144.3 2 0
HealthHub360/services/doctor.go:146.2,151.16 5 0
HealthHub360/services/doctor.go:151.16,154.3 2 0
HealthHub360/services/doctor.go:155.2,155.50 1 0
HealthHub360/services/doctor.go:155.50,157.3 1 0
HealthHub360/services/doctor.go:159.2,159.55 1 0
HealthHub360/services/doctor.go:159.55,161.3 1 0
HealthHub360/services/doctor.go:163.2,163.36 1 0
HealthHub360/services/doctor.go:174.89,184.16 9 0
HealthHub360/services/doctor.go:184.16,187.3 2 0
HealthHub360/services/doctor.go:188.2,188.29 1 0
HealthHub360/services/doctor.go:188.29,190.3 1 0
HealthHub360/services/doctor.go:192.2,200.16 6 0
HealthHub360/services/doctor.go:200.16,203.3 2 0
HealthHub360/services/doctor.go:204.2,205.16 2 0
HealthHub360/services/doctor.go:205.16,208.3 2 0
HealthHub360/services/doctor.go:210.2,211.16 2 0
HealthHub360/services/doctor.go:211.16,213.3 1 0
HealthHub360/services/doctor.go:215.2,215.20 1 0
HealthHub360/services/doctor.go:224.61,233.18 8 0
HealthHub360/services/doctor.go:233.18,235.3 1 0
HealthHub360/services/doctor.go:235.8,235.51 1 0
HealthHub360/services/doctor.go:235.51,239.3 1 0
HealthHub360/services/doctor.go:239.8,239.53 1 0
HealthHub360/services/doctor.go:239.53,243.3 1 0
HealthHub360/services/doctor.go:243.8,246.3 2 0
HealthHub360/services/doctor.go:247.2,249.16 3 0
HealthHub360/services/doctor.go:249.16,252.3 2 0
HealthHub360/services/doctor.go:253.2,253.20 1 0
HealthHub360/services/doctor.go:262.68,265.9 3 0
HealthHub360/services/doctor.go:265.9,268.3 2 0
HealthHub360/services/doctor.go:269.2,270.9 2 0
HealthHub360/services/doctor.go:270.9,272.3 1 0
HealthHub360/services/doctor.go:274.2,279.16 4 0
HealthHub360/services/doctor.go:279.16,282.3 2 0
HealthHub360/services/doctor.go:283.2,284.23 2 0
HealthHub360/services/doctor.go:284.23,287.3 2 0
HealthHub360/services/doctor.go:288.2,289.16 2 0
HealthHub360/services/doctor.go:289.16,292.3 2 0
HealthHub360/services/doctor.go:293.2,296.16 4 0
HealthHub360/services/doctor.go:296.16,298.3 1 0
HealthHub360/services/doctor.go:299.2,300.17 2 0
HealthHub360/services/generatereport.go:22.35,23.27 1 0
HealthHub360/services/generatereport.go:24.11,25.11 1 0
HealthHub360/services/generatereport.go:26.13,27.16 1 0
HealthHub360/services/generatereport.go:28.13,29.16 1 0
HealthHub360/services/generatereport.go:30.15,31.16 1 0
HealthHub360/services/generatereport.go:32.15,33.16 1 0
HealthHub360/services/generatereport.go:34.19,36.16 2 0
HealthHub360/services/generatereport.go:37.10,38.11 1 0
HealthHub360/services/generatereport.go:41.38,42.14 1 0
HealthHub360/services/generatereport.go:42.14,44.3 1 0
HealthHub360/services/generatereport.go:45.2,45.23 1 0
HealthHub360/services/generatereport.go:46.14,47.11 1 0
HealthHub360/services/generatereport.go:48.20,49.20 1 0
HealthHub360/services/generatereport.go:50.10,51.30 1 0
HealthHub360/services/generatereport.go:55.61,58.27 2 0
HealthHub360/services/generatereport.go:60.26,61.15 1 0
HealthHub360/services/generatereport.go:63.27,64.31 1 0
HealthHub360/services/generatereport.go:66.17,67.8 1 0
HealthHub360/services/generatereport.go:69.14,71.17 2 0
HealthHub360/services/generatereport.go:71.17,73.4 1 0
HealthHub360/services/generatereport.go:74.3,74.13 1 0
HealthHub360/services/generatereport.go:76.10,77.60 1 0
HealthHub360/services/generatereport.go:80.2,82.37 3 0
HealthHub360/services/generatereport.go:84.104,86.29 2 0
HealthHub360/services/generatereport.go:86.29,88.3 1 0
HealthHub360/services/generatereport.go:90.2,91.28 2 0
HealthHub360/services/generatereport.go:91.28,94.17 3 0
HealthHub360/services/generatereport.go:94.17,96.4 1 0
HealthHub360/services/generatereport.go:97.3,97.43 1 0
HealthHub360/services/generatereport.go:99.2,99.26 1 0
HealthHub360/services/generatereport.go:106.3,112.35 5 0
HealthHub360/services/generatereport.go:112.35,115.23 2 0
HealthHub360/services/generatereport.go:115.23,118.18 3 0
HealthHub360/services/generatereport.go:118.18,120.5 1 0
HealthHub360/services/generatereport.go:121.4,125.6 1 0
HealthHub360/services/generatereport.go:128.3,129.17 2 0
HealthHub360/services/generatereport.go:129.17,131.4 1 0
HealthHub360/services/generatereport.go:133.3,140.17 3 0
HealthHub360/services/generatereport.go:140.17,142.4 1 0
HealthHub360/services/generatereport.go:144.3,146.17 3 0
HealthHub360/services/generatereport.go:146.17,148.4 1 0
HealthHub360/services/generatereport.go:150.3,153.5 1 0
HealthHub360/services/generatereport.go:156.2,156.60 1 0
HealthHub360/services/generatereport.go:158.36,162.2 3 0
HealthHub360/services/generatereport.go:164.102,165.32 1 0
HealthHub360/services/generatereport.go:165.32,167.3 1 0
HealthHub360/services/generatereport.go:168.2,175.16 7 0
HealthHub360/services/generatereport.go:175.16,177.3 1 0
HealthHub360/services/generatereport.go:178.2,181.16 3 0
HealthHub360/services/generatereport.go:181.16,183.3 1 0
HealthHub360/services/generatereport.go:185.2,186.16 2 0
HealthHub360/services/generatereport.go:186.16,188.3 1 0
HealthHub360/services/generatereport.go:190.2,191.16 2 0
HealthHub360/services/generatereport.go:191.16,193.3 1 0
HealthHub360/services/generatereport.go:195.2,220.24 3 0
HealthHub360/services/generatereport.go:222.115,224.16 2 0
HealthHub360/services/generatereport.go:224.16,226.3 1 0
HealthHub360/services/generatereport.go:228.2,230.28 2 0
HealthHub360/services/generatereport.go:232.19,233.26 1 0
HealthHub360/services/generatereport.go:233.26,235.11 2 0
HealthHub360/services/generatereport.go:235.11,237.5 1 0
HealthHub360/services/generatereport.go:238.4,238.52 1 0
HealthHub360/services/generatereport.go:241.21,242.26 1 0
HealthHub360/services/generatereport.go:242.26,245.4 2 0
HealthHub360/services/generatereport.go:247.10,248.62 1 0
HealthHub360/services/generatereport.go:251.2,251.20 1 0
HealthHub360/services/generatereport.go:254.89,261.16 7 0
HealthHub360/services/generatereport.go:261.16,263.3 1 0
HealthHub360/services/generatereport.go:264.2,272.3 1 0
HealthHub360/services/generatereport.go:275.100,279.29 1 0
HealthHub360/services/generatereport.go:279.29,281.4 1 0
HealthHub360/services/generatereport.go:285.2,286.16 2 0
HealthHub360/services/generatereport.go:286.16,288.3 1 0
HealthHub360/services/generatereport.go:291.2,292.55 2 0
HealthHub360/services/generatereport.go:292.55,294.3 1 0
HealthHub360/services/generatereport.go:297.2,297.66 1 0
HealthHub360/services/generatereport.go:297.66,299.3 1 0
HealthHub360/services/generatereport.go:300.2,311.34 4 0
HealthHub360/services/generatereport.go:311.34,313.3 1 0
HealthHub360/services/generatereport.go:315.2,315.12 1 0
HealthHub360/services/generatereport.go:317.68,319.16 2 0
HealthHub360/services/generatereport.go:319.16,321.3 1 0
HealthHub360/services/generatereport.go:322.2,324.9 3 0
HealthHub360/services/generatereport.go:324.9,326.3 1 0
HealthHub360/services/generatereport.go:328.2,329.9 2 0
HealthHub360/services/generatereport.go:329.9,331.43 1 0
HealthHub360/services/generatereport.go:331.43,333.4 1 0
HealthHub360/services/generatereport.go:333.9,335.4 1 0
HealthHub360/services/generatereport.go:338.2,338.19 1 0
HealthHub360/services/generatereport.go:338.19,340.3 1 0
HealthHub360/services/generatereport.go:341.2,345.16 4 0
HealthHub360/services/generatereport.go:345.16,347.3 1 0
HealthHub360/services/generatereport.go:348.2,351.16 4 0
HealthHub360/services/generatereport.go:351.16,353.3 1 0
HealthHub360/services/generatereport.go:355.2,357.27 2 0
HealthHub360/services/generatereport.go:368.49,371.79 1 0
HealthHub360/services/generatereport.go:371.79,375.17 2 0
HealthHub360/services/generatereport.go:375.17,377.4 1 0
HealthHub360/services/generatereport.go:378.3,380.29 2 0
HealthHub360/services/generatereport.go:380.29,382.4 1 0
HealthHub360/services/generatereport.go:384.3,385.17 2 0
HealthHub360/services/generatereport.go:385.17,387.4 1 0
HealthHub360/services/generatereport.go:389.3,390.50 2 0
HealthHub360/services/generatereport.go:394.2,395.16 2 0
HealthHub360/services/generatereport.go:395.16,397.3 1 0
HealthHub360/services/generatereport.go:399.2,400.49 2 0
HealthHub360/services/guardian.go:24.107,28.31 4 0
HealthHub360/services/guardian.go:28.31,30.17 2 0
HealthHub360/services/guardian.go:30.17,33.4 2 0
HealthHub360/services/guardian.go:35.2,36.16 2 0
HealthHub360/services/guardian.go:36.16,39.3 2 0
HealthHub360/services/guardian.go:40.2,43.16 4 0
HealthHub360/services/guardian.go:43.16,46.3 2 0
HealthHub360/services/guardian.go:48.2,53.16 4 0
HealthHub360/services/guardian.go:53.16,56.3 2 0
HealthHub360/services/guardian.go:57.2,58.9 2 0
HealthHub360/services/guardian.go:58.9,61.3 2 0
HealthHub360/services/guardian.go:62.2,62.45 1 0
HealthHub360/services/guardian.go:62.45,65.3 2 0
HealthHub360/services/guardian.go:66.2,72.16 5 0
HealthHub360/services/guardian.go:72.16,75.3 2 0
HealthHub360/services/guardian.go:76.2,78.16 3 0
HealthHub360/services/guardian.go:78.16,81.3 2 0
HealthHub360/services/guardian.go:82.2,83.50 2 0
HealthHub360/services/guardian.go:83.50,85.3 1 0
HealthHub360/services/guardian.go:87.2,87.55 1 0
HealthHub360/services/guardian.go:87.55,89.3 1 0
HealthHub360/services/guardian.go:90.2,90.36 1 0
HealthHub360/services/guardian.go:101.93,113.16 9 0
HealthHub360/services/guardian.go:113.16,116.3 2 0
HealthHub360/services/guardian.go:118.2,118.125 1 0
HealthHub360/services/guardian.go:118.125,120.3 1 0
HealthHub360/services/guardian.go:121.2,126.16 5 0
HealthHub360/services/guardian.go:126.16,129.3 2 0
HealthHub360/services/guardian.go:131.2,131.106 1 0
HealthHub360/services/guardian.go:131.106,133.3 1 0
HealthHub360/services/guardian.go:134.2,135.16 2 0
HealthHub360/services/guardian.go:135.16,137.3 1 0
HealthHub360/services/guardian.go:139.2,139.20 1 0
HealthHub360/services/guardian.go:149.63,158.18 8 0
HealthHub360/services/guardian.go:158.18,160.3 1 0
HealthHub360/services/guardian.go:160.8,160.51 1 0
HealthHub360/services/guardian.go:160.51,164.3 1 0
HealthHub360/services/guardian.go:164.8,164.53 1 0
HealthHub360/services/guardian.go:164.53,168.3 1 0
HealthHub360/services/guardian.go:168.8,168.57 1 0
HealthHub360/services/guardian.go:168.57,172.3 1 0
HealthHub360/services/guardian.go:172.8,175.3 2 0
HealthHub360/services/guardian.go:176.2,179.16 4 0
HealthHub360/services/guardian.go:179.16,182.3 2 0
HealthHub360/services/guardian.go:183.2,184.23 2 0
HealthHub360/services/guardian.go:193.72,195.16 2 0
HealthHub360/services/guardian.go:195.16,198.3 2 0
HealthHub360/services/guardian.go:199.2,207.16 7 0
HealthHub360/services/guardian.go:207.16,210.3 2 0
HealthHub360/services/guardian.go:211.2,211.52 1 0
HealthHub360/services/guardian.go:211.52,214.3 2 0
HealthHub360/services/guardian.go:215.2,216.16 2 0
HealthHub360/services/guardian.go:216.16,219.3 2 0
HealthHub360/services/guardian.go:220.2,222.16 3 0
HealthHub360/services/guardian.go:222.16,224.3 1 0
HealthHub360/services/guardian.go:225.2,225.36 1 0
HealthHub360/services/hospital.go:27.72,28.55 1 0
HealthHub360/services/hospital.go:28.55,31.3 2 0
HealthHub360/services/hospital.go:32.2,33.16 2 0
HealthHub360/services/hospital.go:33.16,36.3 2 0
HealthHub360/services/hospital.go:37.2,38.16 2 0
HealthHub360/services/hospital.go:38.16,41.3 2 0
HealthHub360/services/hospital.go:42.2,44.16 3 0
HealthHub360/services/hospital.go:44.16,47.3 2 0
HealthHub360/services/hospital.go:48.2,49.16 2 0
HealthHub360/services/hospital.go:49.16,52.3 2 0
HealthHub360/services/hospital.go:53.2,55.75 2 0
HealthHub360/services/hospital.go:55.75,58.3 2 0
HealthHub360/services/hospital.go:59.2,61.16 3 0
HealthHub360/services/hospital.go:61.16,64.3 2 0
HealthHub360/services/hospital.go:65.2,65.65 1 0
HealthHub360/services/hospital.go:65.65,68.3 2 0
HealthHub360/services/hospital.go:69.2,69.147 1 0
HealthHub360/services/hospital.go:69.147,72.3 2 0
HealthHub360/services/hospital.go:73.2,77.16 4 0
HealthHub360/services/hospital.go:77.16,80.3 2 0
HealthHub360/services/hospital.go:81.2,82.12 2 0
HealthHub360/services/hospital.go:90.91,92.27 2 0
HealthHub360/services/hospital.go:92.27,93.54 1 0
HealthHub360/services/hospital.go:93.54,96.4 2 0
HealthHub360/services/hospital.go:98.2,98.47 1 0
HealthHub360/services/hospital.go:98.47,101.3 2 0
HealthHub360/services/hospital.go:102.2,104.16 3 0
HealthHub360/services/hospital.go:104.16,107.3 2 0
HealthHub360/services/hospital.go:108.2,115.16 6 0
HealthHub360/services/hospital.go:115.16,118.3 2 0
HealthHub360/services/hospital.go:119.2,121.21 3 0
HealthHub360/services/hospital.go:121.21,124.3 2 0
HealthHub360/services/hospital.go:125.2,126.16 2 0
HealthHub360/services/hospital.go:126.16,129.3 2 0
HealthHub360/services/hospital.go:131.2,135.16 4 0
HealthHub360/services/hospital.go:135.16,138.3 2 0
HealthHub360/services/hospital.go:139.2,140.50 2 0
HealthHub360/services/hospital.go:140.50,142.3 1 0
HealthHub360/services/hospital.go:145.2,145.55 1 0
HealthHub360/services/hospital.go:145.55,147.3 1 0
HealthHub360/services/hospital.go:149.2,149.12 1 0
HealthHub360/services/hospital.go:158.93,164.16 5 0
HealthHub360/services/hospital.go:164.16,167.3 2 0
HealthHub360/services/hospital.go:168.2,169.16 2 0
HealthHub360/services/hospital.go:169.16,172.3 2 0
HealthHub360/services/hospital.go:173.2,178.9 5 0
HealthHub360/services/hospital.go:178.9,181.3 2 0
HealthHub360/services/hospital.go:182.2,182.26 1 0
HealthHub360/services/hospital.go:182.26,183.20 1 0
HealthHub360/services/hospital.go:183.20,184.33 1 0
HealthHub360/services/hospital.go:184.33,187.5 2 0
HealthHub360/services/hospital.go:189.3,190.21 2 0
HealthHub360/services/hospital.go:192.2,199.16 6 0
HealthHub360/services/hospital.go:199.16,202.3 2 0
HealthHub360/services/hospital.go:203.2,203.19 1 0
HealthHub360/services/hospital.go:203.19,205.35 2 0
HealthHub360/services/hospital.go:205.35,208.4 2 0
HealthHub360/services/hospital.go:211.2,212.16 2 0
HealthHub360/services/hospital.go:212.16,214.3 1 0
HealthHub360/services/hospital.go:216.2,216.20 1 0
HealthHub360/services/hospital.go:224.62,233.18 9 0
HealthHub360/services/hospital.go:233.18,235.3 1 0
HealthHub360/services/hospital.go:235.8,235.68 1 0
HealthHub360/services/hospital.go:235.68,239.3 1 0
HealthHub360/services/hospital.go:239.8,242.3 2 0
HealthHub360/services/hospital.go:243.2,244.16 2 0
HealthHub360/services/hospital.go:244.16,247.3 2 0
HealthHub360/services/hospital.go:248.2,249.17 2 0
HealthHub360/services/hospital.go:257.78,260.9 3 0
HealthHub360/services/hospital.go:260.9,262.3 1 0
HealthHub360/services/hospital.go:263.2,269.16 5 0
HealthHub360/services/hospital.go:269.16,272.3 2 0
HealthHub360/services/hospital.go:273.2,273.55 1 0
HealthHub360/services/hospital.go:273.55,276.3 2 0
HealthHub360/services/hospital.go:277.2,278.16 2 0
HealthHub360/services/hospital.go:278.16,281.3 2 0
HealthHub360/services/hospital.go:282.2,284.16 3 0
HealthHub360/services/hospital.go:284.16,287.3 2 0
HealthHub360/services/hospital.go:288.2,289.17 2 0
HealthHub360/services/medicalRecord.go:32.103,45.16 11 0
HealthHub360/services/medicalRecord.go:45.16,48.3 2 0
HealthHub360/services/medicalRecord.go:50.2,50.125 1 0
HealthHub360/services/medicalRecord.go:50.125,52.3 1 0
HealthHub360/services/medicalRecord.go:53.2,58.16 5 0
HealthHub360/services/medicalRecord.go:58.16,61.3 2 0
HealthHub360/services/medicalRecord.go:62.2,62.106 1 0
HealthHub360/services/medicalRecord.go:62.106,64.3 1 0
HealthHub360/services/medicalRecord.go:66.2,67.16 2 0
HealthHub360/services/medicalRecord.go:67.16,69.3 1 0
HealthHub360/services/medicalRecord.go:71.2,71.20 1 0
HealthHub360/services/medicalRecord.go:81.108,92.16 8 0
HealthHub360/services/medicalRecord.go:92.16,95.3 2 0
HealthHub360/services/medicalRecord.go:96.2,97.9 2 0
HealthHub360/services/medicalRecord.go:97.9,100.3 2 0
HealthHub360/services/medicalRecord.go:101.2,102.9 2 0
HealthHub360/services/medicalRecord.go:102.9,105.3 2 0
HealthHub360/services/medicalRecord.go:106.2,106.21 1 0
HealthHub360/services/medicalRecord.go:106.21,109.3 2 0
HealthHub360/services/medicalRecord.go:110.2,118.16 5 0
HealthHub360/services/medicalRecord.go:118.16,121.3 2 0
HealthHub360/services/medicalRecord.go:122.2,125.16 4 0
HealthHub360/services/medicalRecord.go:125.16,128.3 2 0
HealthHub360/services/medicalRecord.go:129.2,132.50 4 0
HealthHub360/services/medicalRecord.go:132.50,134.3 1 0
HealthHub360/services/medicalRecord.go:136.2,136.55 1 0
HealthHub360/services/medicalRecord.go:136.55,138.3 1 0
HealthHub360/services/medicalRecord.go:139.2,139.12 1 0
HealthHub360/services/medicalRecord.go:142.71,145.48 2 0
HealthHub360/services/medicalRecord.go:146.21,147.23 1 0
HealthHub360/services/medicalRecord.go:147.23,149.11 2 0
HealthHub360/services/medicalRecord.go:149.11,151.5 1 0
HealthHub360/services/medicalRecord.go:152.4,152.37 1 0
HealthHub360/services/medicalRecord.go:155.19,156.23 1 0
HealthHub360/services/medicalRecord.go:156.23,158.11 2 0
HealthHub360/services/medicalRecord.go:158.11,160.5 1 0
HealthHub360/services/medicalRecord.go:161.4,161.37 1 0
HealthHub360/services/medicalRecord.go:164.10,165.57 1 0
HealthHub360/services/medicalRecord.go:167.2,167.23 1 0
HealthHub360/services/medicalRecord.go:170.92,171.39 1 0
HealthHub360/services/medicalRecord.go:171.39,173.17 2 0
HealthHub360/services/medicalRecord.go:173.17,176.4 2 0
HealthHub360/services/medicalRecord.go:177.3,189.17 13 0
HealthHub360/services/medicalRecord.go:189.17,192.4 2 0
HealthHub360/services/medicalRecord.go:193.3,193.80 1 0
HealthHub360/services/medicalRecord.go:195.2,195.12 1 0
HealthHub360/services/medicalRecord.go:197.85,199.9 2 0
HealthHub360/services/medicalRecord.go:199.9,202.3 2 0
HealthHub360/services/medicalRecord.go:203.2,204.9 2 0
HealthHub360/services/medicalRecord.go:204.9,207.3 2 0
HealthHub360/services/medicalRecord.go:208.2,208.22 1 0
HealthHub360/services/medicalRecord.go:208.22,211.3 2 0
HealthHub360/services/medicalRecord.go:212.2,212.12 1 0
HealthHub360/services/medicalRecord.go:222.109,232.16 8 0
HealthHub360/services/medicalRecord.go:232.16,235.3 2 0
HealthHub360/services/medicalRecord.go:236.2,237.16 2 0
HealthHub360/services/medicalRecord.go:237.16,240.3 2 0
HealthHub360/services/medicalRecord.go:241.2,242.9 2 0
HealthHub360/services/medicalRecord.go:242.9,245.3 2 0
HealthHub360/services/medicalRecord.go:246.2,247.16 2 0
HealthHub360/services/medicalRecord.go:247.16,250.3 2 0
HealthHub360/services/medicalRecord.go:251.2,254.14 3 0
HealthHub360/services/medicalRecord.go:254.14,256.17 2 0
HealthHub360/services/medicalRecord.go:256.17,259.4 2 0
HealthHub360/services/medicalRecord.go:260.3,260.26 1 0
HealthHub360/services/medicalRecord.go:260.26,262.4 1 0
HealthHub360/services/medicalRecord.go:263.3,264.17 2 0
HealthHub360/services/medicalRecord.go:264.17,267.4 2 0
HealthHub360/services/medicalRecord.go:269.2,277.16 5 0
HealthHub360/services/medicalRecord.go:277.16,280.3 2 0
HealthHub360/services/medicalRecord.go:281.2,284.16 4 0
HealthHub360/services/medicalRecord.go:284.16,287.3 2 0
HealthHub360/services/medicalRecord.go:288.2,289.50 2 0
HealthHub360/services/medicalRecord.go:289.50,291.3 1 0
HealthHub360/services/medicalRecord.go:293.2,293.62 1 0
HealthHub360/services/medicalRecord.go:293.62,295.3 1 0
HealthHub360/services/medicalRecord.go:296.2,296.12 1 0
HealthHub360/services/medicalRecord.go:306.113,309.16 3 0
HealthHub360/services/medicalRecord.go:309.16,312.3 2 0
HealthHub360/services/medicalRecord.go:313.2,322.16 8 0
HealthHub360/services/medicalRecord.go:322.16,325.3 2 0
HealthHub360/services/medicalRecord.go:326.2,327.9 2 0
HealthHub360/services/medicalRecord.go:327.9,330.3 2 0
HealthHub360/services/medicalRecord.go:331.2,331.42 1 0
HealthHub360/services/medicalRecord.go:331.42,334.3 2 0
HealthHub360/services/medicalRecord.go:335.2,343.16 5 0
HealthHub360/services/medicalRecord.go:343.16,346.3 2 0
HealthHub360/services/medicalRecord.go:347.2,350.16 4 0
HealthHub360/services/medicalRecord.go:350.16,353.3 2 0
HealthHub360/services/medicalRecord.go:354.2,355.50 2 0
HealthHub360/services/medicalRecord.go:355.50,357.3 1 0
HealthHub360/services/medicalRecord.go:359.2,359.62 1 0
HealthHub360/services/medicalRecord.go:359.62,361.3 1 0
HealthHub360/services/medicalRecord.go:362.2,362.12 1 0
HealthHub360/services/medicalRecord.go:373.111,376.20 3 0
HealthHub360/services/medicalRecord.go:377.28,378.78 1 0
HealthHub360/services/medicalRecord.go:378.78,380.4 1 0
HealthHub360/services/medicalRecord.go:381.3,382.18 2 0
HealthHub360/services/medicalRecord.go:384.29,385.79 1 0
HealthHub360/services/medicalRecord.go:385.79,387.4 1 0
HealthHub360/services/medicalRecord.go:388.3,389.18 2 0
HealthHub360/services/medicalRecord.go:390.33,391.83 1 0
HealthHub360/services/medicalRecord.go:391.83,393.4 1 0
HealthHub360/services/medicalRecord.go:394.3,395.18 2 0
HealthHub360/services/medicalRecord.go:402.10,403.45 1 0
HealthHub360/services/medicalRecord.go:413.68,422.18 8 0
HealthHub360/services/medicalRecord.go:422.18,424.3 1 0
HealthHub360/services/medicalRecord.go:424.8,424.51 1 0
HealthHub360/services/medicalRecord.go:424.51,428.3 1 0
HealthHub360/services/medicalRecord.go:428.8,428.53 1 0
HealthHub360/services/medicalRecord.go:428.53,432.3 1 0
HealthHub360/services/medicalRecord.go:432.8,432.57 1 0
HealthHub360/services/medicalRecord.go:432.57,436.17 4 0
HealthHub360/services/medicalRecord.go:436.17,439.4 2 0
HealthHub360/services/medicalRecord.go:440.3,442.4 1 0
HealthHub360/services/medicalRecord.go:443.8,443.51 1 0
HealthHub360/services/medicalRecord.go:443.51,447.3 1 0
HealthHub360/services/medicalRecord.go:447.8,447.50 1 0
HealthHub360/services/medicalRecord.go:447.50,451.3 1 0
HealthHub360/services/medicalRecord.go:451.8,454.3 2 0
HealthHub360/services/medicalRecord.go:455.2,457.16 3 0
HealthHub360/services/medicalRecord.go:457.16,460.3 2 0
HealthHub360/services/medicalRecord.go:461.2,461.17 1 0
HealthHub360/services/medicalRecord.go:470.88,473.9 3 0
HealthHub360/services/medicalRecord.go:473.9,475.3 1 0
HealthHub360/services/medicalRecord.go:476.2,483.16 5 0
HealthHub360/services/medicalRecord.go:483.16,487.3 2 0
HealthHub360/services/medicalRecord.go:488.2,488.61 1 0
HealthHub360/services/medicalRecord.go:488.61,491.3 2 0
HealthHub360/services/medicalRecord.go:492.2,493.16 2 0
HealthHub360/services/medicalRecord.go:493.16,496.3 2 0
HealthHub360/services/medicalRecord.go:497.2,500.16 4 0
HealthHub360/services/medicalRecord.go:500.16,503.3 2 0
HealthHub360/services/medicalRecord.go:504.2,505.17 2 0
HealthHub360/services/medicines.go:27.83,29.31 2 0
HealthHub360/services/medicines.go:29.31,31.17 2 0
HealthHub360/services/medicines.go:31.17,34.4 2 0
HealthHub360/services/medicines.go:36.2,37.16 2 0
HealthHub360/services/medicines.go:37.16,40.3 2 0
HealthHub360/services/medicines.go:41.2,44.9 4 0
HealthHub360/services/medicines.go:44.9,47.3 2 0
HealthHub360/services/medicines.go:48.2,50.9 3 0
HealthHub360/services/medicines.go:50.9,53.3 2 0
HealthHub360/services/medicines.go:54.2,67.43 11 0
HealthHub360/services/medicines.go:67.43,70.3 2 0
HealthHub360/services/medicines.go:71.2,72.16 2 0
HealthHub360/services/medicines.go:72.16,75.3 2 0
HealthHub360/services/medicines.go:76.2,84.16 7 0
HealthHub360/services/medicines.go:84.16,87.3 2 0
HealthHub360/services/medicines.go:88.2,93.16 5 0
HealthHub360/services/medicines.go:93.16,96.3 2 0
HealthHub360/services/medicines.go:97.2,100.16 4 0
HealthHub360/services/medicines.go:100.16,103.3 2 0
HealthHub360/services/medicines.go:104.2,104.36 1 0
HealthHub360/services/medicines.go:116.93,127.16 9 0
HealthHub360/services/medicines.go:127.16,130.3 2 0
HealthHub360/services/medicines.go:132.2,132.125 1 0
HealthHub360/services/medicines.go:132.125,134.3 1 0
HealthHub360/services/medicines.go:136.2,141.16 5 0
HealthHub360/services/medicines.go:141.16,144.3 2 0
HealthHub360/services/medicines.go:146.2,146.106 1 0
HealthHub360/services/medicines.go:146.106,148.3 1 0
HealthHub360/services/medicines.go:149.2,150.16 2 0
[...]
HealthHub360/services/receptionist.go:198.2,200.16 3 0
HealthHub360/services/receptionist.go:200.16,203.3 2 0
HealthHub360/services/receptionist.go:205.2,213.16 6 0
HealthHub360/services/receptionist.go:213.16,216.3 2 0
HealthHub360/services/receptionist.go:217.2,222.24 5 0
HealthHub360/services/receptionist.go:222.24,225.3 2 0
HealthHub360/services/receptionist.go:226.2,227.16 2 0
HealthHub360/services/receptionist.go:227.16,230.3 2 0
HealthHub360/services/receptionist.go:232.2,237.50 5 0
HealthHub360/services/receptionist.go:237.50,239.3 1 0
HealthHub360/services/receptionist.go:241.2,241.55 1 0
HealthHub360/services/receptionist.go:241.55,243.3 1 0
HealthHub360/services/receptionist.go:245.2,245.36 1 0
HealthHub360/services/receptionist.go:254.80,257.9 3 0
HealthHub360/services/receptionist.go:257.9,260.3 2 0
HealthHub360/services/receptionist.go:261.2,262.9 2 0
HealthHub360/services/receptionist.go:262.9,264.3 1 0
HealthHub360/services/receptionist.go:266.2,271.16 4 0
HealthHub360/services/receptionist.go:271.16,274.3 2 0
HealthHub360/services/receptionist.go:275.2,276.23 2 0
HealthHub360/services/receptionist.go:276.23,279.3 2 0
HealthHub360/services/receptionist.go:280.2,281.16 2 0
HealthHub360/services/receptionist.go:281.16,284.3 2 0
HealthHub360/services/receptionist.go:285.2,288.16 4 0
HealthHub360/services/receptionist.go:288.16,290.3 1 0
HealthHub360/services/receptionist.go:291.2,292.17 2 0
HealthHub360/services/role.go:23.94,25.16 2 0
HealthHub360/services/role.go:25.16,27.3 1 0
HealthHub360/services/role.go:28.2,31.13 3 0
HealthHub360/services/role.go:31.13,33.3 1 0
HealthHub360/services/role.go:35.2,36.31 2 0
HealthHub360/services/role.go:36.31,38.3 1 0
HealthHub360/services/role.go:40.2,43.29 3 0
HealthHub360/services/role.go:43.29,45.17 2 0
HealthHub360/services/role.go:45.17,47.4 1 0
HealthHub360/services/role.go:48.3,48.40 1 0
HealthHub360/services/role.go:51.2,51.34 1 0
HealthHub360/services/role.go:55.93,57.25 2 0
HealthHub360/services/role.go:57.25,59.3 1 0
HealthHub360/services/role.go:60.2,61.41 2 0
HealthHub360/services/role.go:61.41,63.3 1 0
HealthHub360/services/role.go:64.2,64.36 1 0
HealthHub360/services/role.go:68.109,70.9 2 0
HealthHub360/services/role.go:70.9,72.3 1 0
HealthHub360/services/role.go:74.2,75.16 2 0
HealthHub360/services/role.go:75.16,77.3 1 0
HealthHub360/services/role.go:79.2,79.23 1 0
HealthHub360/services/role.go:79.23,81.3 1 0
HealthHub360/services/role.go:82.2,86.13 4 0
HealthHub360/services/role.go:86.13,88.3 1 0
HealthHub360/services/role.go:90.2,91.36 2 0
HealthHub360/services/role.go:91.36,93.3 1 0
HealthHub360/services/role.go:95.2,96.34 2 0
HealthHub360/services/role.go:96.34,98.42 2 0
HealthHub360/services/role.go:98.42,100.4 1 0
HealthHub360/services/role.go:101.3,101.58 1 0
HealthHub360/services/role.go:103.2,105.18 2 0
HealthHub360/services/role.go:108.149,113.16 4 0
HealthHub360/services/role.go:113.16,115.3 1 0
HealthHub360/services/role.go:116.2,116.12 1 0
HealthHub360/services/role.go:116.12,118.3 1 0
HealthHub360/services/role.go:120.2,121.16 2 0
HealthHub360/services/role.go:121.16,124.3 2 0
HealthHub360/services/role.go:126.2,128.43 3 0
HealthHub360/services/role.go:128.43,130.17 2 0
HealthHub360/services/role.go:130.17,133.4 2 0
HealthHub360/services/role.go:134.3,134.30 1 0
HealthHub360/services/role.go:136.2,141.18 5 0
HealthHub360/services/role.go:152.78,154.16 2 0
HealthHub360/services/role.go:154.16,156.3 1 0
HealthHub360/services/role.go:158.2,159.16 2 0
HealthHub360/services/role.go:159.16,161.3 1 0
HealthHub360/services/role.go:162.2,164.16 3 0
HealthHub360/services/role.go:164.16,166.3 1 0
HealthHub360/services/role.go:168.2,169.53 2 0
HealthHub360/services/role.go:169.53,171.3 1 0
HealthHub360/services/role.go:172.2,173.41 2 0
HealthHub360/services/role.go:182.78,191.16 6 0
HealthHub360/services/role.go:191.16,192.97 1 0
HealthHub360/services/role.go:192.97,194.4 1 0
HealthHub360/services/role.go:195.3,195.54 1 0
HealthHub360/services/role.go:198.2,198.70 1 0
HealthHub360/services/role.go:198.70,201.3 2 0
HealthHub360/services/role.go:202.2,202.18 1 0
HealthHub360/services/role.go:324.57,328.16 4 0
HealthHub360/services/role.go:328.16,330.3 1 0
HealthHub360/services/role.go:331.2,331.21 1 0
HealthHub360/services/role.go:338.66,341.27 2 0
HealthHub360/services/role.go:341.27,342.31 1 0
HealthHub360/services/role.go:342.31,343.51 1 0
HealthHub360/services/role.go:343.51,345.5 1 0
HealthHub360/services/role.go:346.4,346.56 1 0
HealthHub360/services/role.go:346.56,348.5 1 0
HealthHub360/services/role.go:349.4,349.28 1 0
HealthHub360/services/role.go:353.2,353.14 1 0
HealthHub360/services/role.go:357.72,359.8 2 0
HealthHub360/services/role.go:359.8,361.3 1 0
HealthHub360/services/role.go:362.2,362.18 1 0
HealthHub360/services/role.go:366.58,369.2 2 0
HealthHub360/services/role.go:372.50,374.24 2 0
HealthHub360/services/role.go:374.24,375.32 1 0
HealthHub360/services/role.go:375.32,377.4 1 0
HealthHub360/services/role.go:379.2,379.13 1 0
HealthHub360/services/role.go:386.75,390.80 2 0
HealthHub360/services/role.go:390.80,392.3 1 0
HealthHub360/services/role.go:394.2,394.66 1 0
HealthHub360/services/role.go:394.66,396.3 1 0
HealthHub360/services/role.go:398.2,398.20 1 0
HealthHub360/services/role.go:404.75,407.16 3 0
HealthHub360/services/role.go:407.16,409.3 1 0
HealthHub360/services/role.go:410.2,410.12 1 0
HealthHub360/services/role.go:419.117,421.39 1 0
HealthHub360/services/role.go:421.39,423.3 1 0
HealthHub360/services/role.go:425.2,426.16 2 0
HealthHub360/services/role.go:426.16,428.3 1 0
HealthHub360/services/role.go:430.2,430.28 1 0
HealthHub360/services/role.go:430.28,432.3 1 0
HealthHub360/services/role.go:434.2,437.82 3 0
HealthHub360/services/role.go:437.82,439.3 1 0
HealthHub360/services/role.go:441.2,444.16 4 0
HealthHub360/services/role.go:444.16,446.3 1 0
HealthHub360/services/role.go:447.2,448.50 2 0
HealthHub360/services/role.go:448.50,450.3 1 0
HealthHub360/services/role.go:452.2,452.56 1 0
HealthHub360/services/role.go:452.56,454.3 1 0
HealthHub360/services/role.go:456.2,456.21 1 0
HealthHub360/services/role.go:466.85,468.39 1 0
HealthHub360/services/role.go:468.39,470.3 1 0
HealthHub360/services/role.go:471.2,475.25 4 0
HealthHub360/services/role.go:475.25,477.3 1 0
HealthHub360/services/role.go:479.2,483.16 5 0
HealthHub360/services/role.go:483.16,485.3 1 0
HealthHub360/services/role.go:487.2,487.18 1 0
HealthHub360/services/role.go:493.56,495.39 1 0
HealthHub360/services/role.go:495.39,497.3 1 0
HealthHub360/services/role.go:499.2,505.16 5 0
HealthHub360/services/role.go:505.16,507.3 1 0
HealthHub360/services/role.go:509.2,510.16 2 0
HealthHub360/services/role.go:510.16,512.3 1 0
HealthHub360/services/role.go:513.2,515.16 3 0
HealthHub360/services/role.go:515.16,517.3 1 0
HealthHub360/services/role.go:519.2,519.12 1 0
HealthHub360/services/superAdmin.go:24.75,27.16 2 0
HealthHub360/services/superAdmin.go:27.16,30.3 2 0
HealthHub360/services/superAdmin.go:32.2,33.16 2 0
HealthHub360/services/superAdmin.go:33.16,36.3 2 0
HealthHub360/services/superAdmin.go:37.2,38.16 2 0
HealthHub360/services/superAdmin.go:38.16,41.3 2 0
HealthHub360/services/superAdmin.go:43.2,44.16 2 0
HealthHub360/services/superAdmin.go:44.16,47.3 2 0
HealthHub360/services/superAdmin.go:48.2,49.76 2 0
HealthHub360/services/superAdmin.go:49.76,52.3 2 0
HealthHub360/services/superAdmin.go:53.2,55.16 3 0
HealthHub360/services/superAdmin.go:55.16,57.3 1 0
HealthHub360/services/superAdmin.go:58.2,58.66 1 0
HealthHub360/services/superAdmin.go:58.66,61.3 2 0
HealthHub360/services/superAdmin.go:62.2,62.150 1 0
HealthHub360/services/superAdmin.go:62.150,65.3 2 0
HealthHub360/services/superAdmin.go:66.2,70.16 4 0
HealthHub360/services/superAdmin.go:70.16,73.3 2 0
HealthHub360/services/superAdmin.go:74.2,75.12 2 0
HealthHub360/services/superAdmin.go:82.97,88.26 6 0
HealthHub360/services/superAdmin.go:88.26,91.3 2 0
HealthHub360/services/superAdmin.go:92.2,96.16 3 0
HealthHub360/services/superAdmin.go:96.16,99.3 2 0
HealthHub360/services/superAdmin.go:100.2,100.24 1 0
HealthHub360/services/superAdmin.go:109.95,111.16 2 0
HealthHub360/services/superAdmin.go:111.16,114.3 2 0
HealthHub360/services/superAdmin.go:116.2,116.69 1 0
HealthHub360/services/superAdmin.go:116.69,118.17 2 0
HealthHub360/services/superAdmin.go:118.17,120.4 1 0
HealthHub360/services/superAdmin.go:121.3,121.23 1 0
HealthHub360/services/superAdmin.go:123.2,125.16 3 0
HealthHub360/services/superAdmin.go:125.16,128.3 2 0
HealthHub360/services/superAdmin.go:129.2,134.16 4 0
HealthHub360/services/superAdmin.go:134.16,137.3 2 0
HealthHub360/services/superAdmin.go:138.2,142.16 3 0
HealthHub360/services/superAdmin.go:142.16,145.3 2 0
HealthHub360/services/superAdmin.go:146.2,149.16 4 0
HealthHub360/services/superAdmin.go:149.16,152.3 2 0
HealthHub360/services/superAdmin.go:153.2,154.50 2 0
HealthHub360/services/superAdmin.go:154.50,156.3 1 0
HealthHub360/services/superAdmin.go:158.2,158.66 1 0
HealthHub360/services/superAdmin.go:158.66,160.3 1 0
HealthHub360/services/superAdmin.go:161.2,161.12 1 0
HealthHub360/services/tenant.go:26.70,28.55 1 0
HealthHub360/services/tenant.go:28.55,31.3 2 0
HealthHub360/services/tenant.go:32.2,33.16 2 0
HealthHub360/services/tenant.go:33.16,36.3 2 0
HealthHub360/services/tenant.go:37.2,38.16 2 0
HealthHub360/services/tenant.go:38.16,41.3 2 0
HealthHub360/services/tenant.go:42.2,43.16 2 0
HealthHub360/services/tenant.go:43.16,46.3 2 0
HealthHub360/services/tenant.go:47.2,49.76 3 0
HealthHub360/services/tenant.go:49.76,52.3 2 0
HealthHub360/services/tenant.go:54.2,56.16 3 0
HealthHub360/services/tenant.go:56.16,59.3 2 0
HealthHub360/services/tenant.go:60.2,60.65 1 0
HealthHub360/services/tenant.go:60.65,63.3 2 0
HealthHub360/services/tenant.go:64.2,64.147 1 0
HealthHub360/services/tenant.go:64.147,67.3 2 0
HealthHub360/services/tenant.go:69.2,73.16 4 0
HealthHub360/services/tenant.go:73.16,76.3 2 0
HealthHub360/services/tenant.go:77.2,78.12 2 0
HealthHub360/services/tenant.go:86.89,89.50 3 0
HealthHub360/services/tenant.go:89.50,92.3 2 0
HealthHub360/services/tenant.go:93.2,102.26 7 0
HealthHub360/services/tenant.go:102.26,104.3 1 0
HealthHub360/services/tenant.go:105.2,107.16 3 0
HealthHub360/services/tenant.go:107.16,110.3 2 0
HealthHub360/services/tenant.go:111.2,113.20 3 0
HealthHub360/services/tenant.go:121.61,124.16 3 0
HealthHub360/services/tenant.go:124.16,126.3 1 0
HealthHub360/services/tenant.go:127.2,128.21 2 0
HealthHub360/services/tenant.go:143.103,146.16 2 0
HealthHub360/services/tenant.go:146.16,149.3 2 0
HealthHub360/services/tenant.go:150.2,152.16 3 0
HealthHub360/services/tenant.go:152.16,155.3 2 0
HealthHub360/services/tenant.go:156.2,161.16 4 0
HealthHub360/services/tenant.go:161.16,164.3 2 0
HealthHub360/services/tenant.go:165.2,166.16 2 0
HealthHub360/services/tenant.go:166.16,169.3 2 0
HealthHub360/services/tenant.go:170.2,172.16 3 0
HealthHub360/services/tenant.go:172.16,175.3 2 0
HealthHub360/services/tenant.go:176.2,177.50 2 0
HealthHub360/services/tenant.go:177.50,179.3 1 0
HealthHub360/services/tenant.go:181.2,181.62 1 0
HealthHub360/services/tenant.go:181.62,183.3 1 0
HealthHub360/services/tenant.go:185.2,185.36 1 0
HealthHub360/services/tenant.go:192.97,196.76 2 0
HealthHub360/services/tenant.go:196.76,198.3 1 0
HealthHub360/services/tenant.go:200.2,200.77 1 0
HealthHub360/services/tenant.go:200.77,202.3 1 0
HealthHub360/services/tenant.go:204.2,204.79 1 0
HealthHub360/services/tenant.go:204.79,206.3 1 0
HealthHub360/services/tenant.go:208.2,208.75 1 0
HealthHub360/services/tenant.go:208.75,210.17 2 0
HealthHub360/services/tenant.go:210.17,212.4 1 0
HealthHub360/services/tenant.go:213.3,213.25 1 0
HealthHub360/services/tenant.go:216.2,216.22 1 0
HealthHub360/services/tenant.go:216.22,218.3 1 0
HealthHub360/services/tenant.go:220.2,223.20 3 0
HealthHub360/services/tenant.go:229.57,235.16 4 0
HealthHub360/services/tenant.go:235.16,238.3 2 0
HealthHub360/services/tenant.go:239.2,240.12 2 0
HealthHub360/services/tenant.go:247.64,249.20 2 0
HealthHub360/services/tenant.go:249.20,251.3 1 0
HealthHub360/services/tenant.go:252.2,256.16 5 0
HealthHub360/services/tenant.go:256.16,259.3 2 0
HealthHub360/services/tenant.go:260.2,260.45 1 0
HealthHub360/services/tenant.go:260.45,263.3 2 0
HealthHub360/services/tenant.go:264.2,265.16 2 0
HealthHub360/services/tenant.go:265.16,267.3 1 0
HealthHub360/services/tenant.go:268.2,271.16 4 0
HealthHub360/services/tenant.go:271.16,273.3 1 0
HealthHub360/services/tenant.go:274.2,275.12 2 0
HealthHub360/services/test.go:17.59,19.27 2 0
HealthHub360/services/test.go:19.27,20.58 1 0
HealthHub360/services/test.go:20.58,23.4 2 0
HealthHub360/services/test.go:25.2,25.12 1 0
HealthHub360/services/test.go:38.78,41.16 3 0
HealthHub360/services/test.go:41.16,44.3 2 0
HealthHub360/services/test.go:45.2,47.13 3 0
HealthHub360/services/test.go:47.13,50.3 2 0
HealthHub360/services/test.go:51.2,57.16 7 0
HealthHub360/services/test.go:57.16,60.3 2 0
HealthHub360/services/test.go:61.2,63.16 3 0
HealthHub360/services/test.go:63.16,66.3 2 0
HealthHub360/services/test.go:67.2,72.16 5 0
HealthHub360/services/test.go:72.16,74.3 1 0
HealthHub360/services/test.go:75.2,75.65 1 0
HealthHub360/services/test.go:75.65,78.3 2 0
HealthHub360/services/test.go:79.2,79.36 1 0
HealthHub360/services/test.go:87.81,89.27 2 0
HealthHub360/services/test.go:89.27,90.54 1 0
HealthHub360/services/test.go:90.54,93.4 2 0
HealthHub360/services/test.go:95.2,95.47 1 0
HealthHub360/services/test.go:95.47,97.3 1 0
HealthHub360/services/test.go:99.2,107.16 7 0
HealthHub360/services/test.go:107.16,110.3 2 0
HealthHub360/services/test.go:111.2,115.25 5 0
HealthHub360/services/test.go:115.25,118.3 2 0
HealthHub360/services/test.go:119.2,120.16 2 0
HealthHub360/services/test.go:120.16,123.3 2 0
HealthHub360/services/test.go:124.2,130.50 6 0
HealthHub360/services/test.go:130.50,132.3 1 0
HealthHub360/services/test.go:134.2,134.55 1 0
HealthHub360/services/test.go:134.55,136.3 1 0
HealthHub360/services/test.go:138.2,138.12 1 0
HealthHub360/services/test.go:148.85,152.16 4 0
HealthHub360/services/test.go:152.16,154.3 1 0
HealthHub360/services/test.go:155.2,156.16 2 0
HealthHub360/services/test.go:156.16,159.3 2 0
HealthHub360/services/test.go:160.2,164.33 4 0
HealthHub360/services/test.go:164.33,166.10 2 0
HealthHub360/services/test.go:166.10,168.4 1 0
HealthHub360/services/test.go:169.3,169.36 1 0
HealthHub360/services/test.go:169.36,171.4 1 0
HealthHub360/services/test.go:173.2,173.26 1 0
HealthHub360/services/test.go:173.26,176.3 2 0
HealthHub360/services/test.go:178.2,184.16 5 0
HealthHub360/services/test.go:184.16,187.3 2 0
HealthHub360/services/test.go:188.2,188.9 1 0
HealthHub360/services/test.go:188.9,190.24 2 0
HealthHub360/services/test.go:190.24,192.4 1 0
HealthHub360/services/test.go:194.2,195.16 2 0
HealthHub360/services/test.go:195.16,198.3 2 0
HealthHub360/services/test.go:200.2,200.20 1 0
HealthHub360/services/test.go:207.76,213.16 4 0
HealthHub360/services/test.go:213.16,216.3 2 0
HealthHub360/services/test.go:217.2,217.20 1 0
HealthHub360/services/test.go:226.62,235.16 7 0
HealthHub360/services/test.go:235.16,238.3 2 0
HealthHub360/services/test.go:239.2,240.25 2 0
HealthHub360/services/test.go:240.25,243.3 2 0
HealthHub360/services/test.go:244.2,245.16 2 0
HealthHub360/services/test.go:245.16,247.3 1 0
HealthHub360/services/test.go:248.2,250.17 3 0
HealthHub360/services/testReport.go:17.75,21.16 3 0
HealthHub360/services/testReport.go:21.16,23.3 1 0
HealthHub360/services/testReport.go:24.2,25.16 2 0
HealthHub360/services/testReport.go:25.16,27.3 1 0
HealthHub360/services/testReport.go:29.2,30.16 2 0
HealthHub360/services/testReport.go:30.16,32.3 1 0
HealthHub360/services/testReport.go:33.2,37.16 5 0
HealthHub360/services/testReport.go:37.16,39.3 1 0
HealthHub360/services/testReport.go:40.2,42.16 3 0
HealthHub360/services/testReport.go:42.16,44.3 1 0
HealthHub360/services/testReport.go:46.2,47.9 2 0
HealthHub360/services/testReport.go:47.9,49.3 1 0
HealthHub360/services/testReport.go:50.2,51.9 2 0
HealthHub360/services/testReport.go:51.9,53.3 1 0
HealthHub360/services/testReport.go:54.2,55.34 2 0
HealthHub360/services/testReport.go:55.34,57.17 2 0
HealthHub360/services/testReport.go:57.17,59.4 1 0
HealthHub360/services/testReport.go:60.3,60.42 1 0
HealthHub360/services/testReport.go:62.2,62.88 1 0
HealthHub360/services/testReport.go:62.88,64.3 1 0
HealthHub360/services/testReport.go:66.2,66.25 1 0
HealthHub360/services/testReport.go:77.77,79.9 2 0
HealthHub360/services/testReport.go:79.9,81.3 1 0
HealthHub360/services/testReport.go:83.2,84.9 2 0
HealthHub360/services/testReport.go:84.9,86.3 1 0
HealthHub360/services/testReport.go:87.2,87.20 1 0
HealthHub360/services/testReport.go:87.20,89.3 1 0
HealthHub360/services/testReport.go:91.2,92.9 2 0
HealthHub360/services/testReport.go:92.9,94.3 1 0
HealthHub360/services/testReport.go:96.2,96.27 1 0
HealthHub360/services/testReport.go:99.103,102.16 3 0
HealthHub360/services/testReport.go:102.16,105.3 2 0
HealthHub360/services/testReport.go:106.2,107.9 2 0
HealthHub360/services/testReport.go:107.9,110.3 2 0
HealthHub360/services/testReport.go:111.2,111.24 1 0
HealthHub360/services/testReport.go:111.24,114.3 2 0
HealthHub360/services/testReport.go:115.2,117.9 3 0
HealthHub360/services/testReport.go:117.9,119.3 1 0
HealthHub360/services/testReport.go:121.2,122.16 2 0
HealthHub360/services/testReport.go:122.16,124.3 1 0
HealthHub360/services/testReport.go:126.2,127.28 2 0
HealthHub360/services/testReport.go:127.28,129.10 2 0
HealthHub360/services/testReport.go:129.10,131.4 1 0
HealthHub360/services/testReport.go:132.3,132.29 1 0
HealthHub360/services/testReport.go:135.2,135.20 1 0
HealthHub360/services/testReport.go:138.66,139.25 1 0
HealthHub360/services/testReport.go:140.19,141.31 1 0
HealthHub360/services/testReport.go:142.21,143.16 1 0
HealthHub360/services/testReport.go:144.16,146.23 2 0
HealthHub360/services/testReport.go:146.23,148.4 1 0
HealthHub360/services/testReport.go:149.3,149.18 1 0
HealthHub360/services/testReport.go:150.21,152.23 2 0
HealthHub360/services/testReport.go:152.23,154.4 1 0
HealthHub360/services/testReport.go:155.3,155.18 1 0
HealthHub360/services/testReport.go:156.28,158.24 2 0
HealthHub360/services/testReport.go:158.24,160.4 1 0
HealthHub360/services/testReport.go:161.3,161.18 1 0
HealthHub360/services/testReport.go:162.10,163.58 1 0
HealthHub360/services/testReport.go:167.129,169.16 2 0
HealthHub360/services/testReport.go:169.16,171.3 1 0
HealthHub360/services/testReport.go:172.2,181.16 4 0
HealthHub360/services/testReport.go:181.16,183.3 1 0
HealthHub360/services/testReport.go:184.2,188.16 4 0
HealthHub360/services/testReport.go:188.16,190.3 1 0
HealthHub360/services/testReport.go:191.2,191.69 1 0
HealthHub360/services/testReport.go:191.69,193.3 1 0
HealthHub360/services/testReport.go:195.2,195.18 1 0
HealthHub360/services/testReport.go:198.101,203.2 2 0
HealthHub360/services/testReport.go:205.105,209.16 4 0
HealthHub360/services/testReport.go:209.16,211.3 1 0
HealthHub360/services/testReport.go:212.2,213.16 2 0
HealthHub360/services/testReport.go:213.16,216.3 2 0
HealthHub360/services/testReport.go:217.2,221.33 4 0
HealthHub360/services/testReport.go:221.33,223.10 2 0
HealthHub360/services/testReport.go:223.10,225.4 1 0
HealthHub360/services/testReport.go:226.3,226.36 1 0
HealthHub360/services/testReport.go:226.36,228.4 1 0
HealthHub360/services/testReport.go:230.2,230.26 1 0
HealthHub360/services/testReport.go:230.26,233.3 2 0
HealthHub360/services/testReport.go:235.2,241.16 5 0
HealthHub360/services/testReport.go:241.16,244.3 2 0
HealthHub360/services/testReport.go:245.2,245.9 1 0
HealthHub360/services/testReport.go:245.9,247.24 2 0
HealthHub360/services/testReport.go:247.24,249.4 1 0
HealthHub360/services/testReport.go:251.2,252.16 2 0
HealthHub360/services/testReport.go:252.16,255.3 2 0
HealthHub360/services/testReport.go:257.2,257.20 1 0
